<?xml version="1.0" encoding="UTF-8"?>
<testsuite xmlns:xsi="http://www.w3.org/2001/XMLSchema-instance" xsi:noNamespaceSchemaLocation="https://maven.apache.org/surefire/maven-surefire-plugin/xsd/surefire-test-report-3.0.xsd" version="3.0" name="TestSuite" time="40.507" tests="2" errors="0" skipped="0" failures="1">
  <properties>
    <property name="java.specification.version" value="22"/>
    <property name="sun.cpu.isalist" value="amd64"/>
    <property name="sun.jnu.encoding" value="Cp1252"/>
    <property name="java.class.path" value="C:\Users\visha\OneDrive\Documents\Workplace_revise\practice\target\test-classes;C:\Users\visha\OneDrive\Documents\Workplace_revise\practice\target\classes;C:\Users\visha\.m2\repository\io\appium\java-client\9.2.2\java-client-9.2.2.jar;C:\Users\visha\.m2\repository\org\seleniumhq\selenium\selenium-api\4.21.0\selenium-api-4.21.0.jar;C:\Users\visha\.m2\repository\org\seleniumhq\selenium\selenium-remote-driver\4.21.0\selenium-remote-driver-4.21.0.jar;C:\Users\visha\.m2\repository\com\google\auto\service\auto-service-annotations\1.1.1\auto-service-annotations-1.1.1.jar;C:\Users\visha\.m2\repository\com\google\guava\guava\33.2.0-jre\guava-33.2.0-jre.jar;C:\Users\visha\.m2\repository\com\google\guava\failureaccess\1.0.2\failureaccess-1.0.2.jar;C:\Users\visha\.m2\repository\com\google\guava\listenablefuture\9999.0-empty-to-avoid-conflict-with-guava\listenablefuture-9999.0-empty-to-avoid-conflict-with-guava.jar;C:\Users\visha\.m2\repository\com\google\code\findbugs\jsr305\3.0.2\jsr305-3.0.2.jar;C:\Users\visha\.m2\repository\org\checkerframework\checker-qual\3.42.0\checker-qual-3.42.0.jar;C:\Users\visha\.m2\repository\com\google\errorprone\error_prone_annotations\2.26.1\error_prone_annotations-2.26.1.jar;C:\Users\visha\.m2\repository\com\google\j2objc\j2objc-annotations\3.0.0\j2objc-annotations-3.0.0.jar;C:\Users\visha\.m2\repository\io\opentelemetry\semconv\opentelemetry-semconv\1.25.0-alpha\opentelemetry-semconv-1.25.0-alpha.jar;C:\Users\visha\.m2\repository\io\opentelemetry\opentelemetry-api\1.38.0\opentelemetry-api-1.38.0.jar;C:\Users\visha\.m2\repository\io\opentelemetry\opentelemetry-context\1.38.0\opentelemetry-context-1.38.0.jar;C:\Users\visha\.m2\repository\io\opentelemetry\opentelemetry-exporter-logging\1.38.0\opentelemetry-exporter-logging-1.38.0.jar;C:\Users\visha\.m2\repository\io\opentelemetry\opentelemetry-sdk-common\1.38.0\opentelemetry-sdk-common-1.38.0.jar;C:\Users\visha\.m2\repository\io\opentelemetry\opentelemetry-sdk-extension-autoconfigure-spi\1.38.0\opentelemetry-sdk-extension-autoconfigure-spi-1.38.0.jar;C:\Users\visha\.m2\repository\io\opentelemetry\opentelemetry-sdk-extension-autoconfigure\1.38.0\opentelemetry-sdk-extension-autoconfigure-1.38.0.jar;C:\Users\visha\.m2\repository\io\opentelemetry\opentelemetry-api-incubator\1.38.0-alpha\opentelemetry-api-incubator-1.38.0-alpha.jar;C:\Users\visha\.m2\repository\io\opentelemetry\opentelemetry-sdk-trace\1.38.0\opentelemetry-sdk-trace-1.38.0.jar;C:\Users\visha\.m2\repository\io\opentelemetry\opentelemetry-sdk\1.38.0\opentelemetry-sdk-1.38.0.jar;C:\Users\visha\.m2\repository\io\opentelemetry\opentelemetry-sdk-metrics\1.38.0\opentelemetry-sdk-metrics-1.38.0.jar;C:\Users\visha\.m2\repository\io\opentelemetry\opentelemetry-sdk-logs\1.38.0\opentelemetry-sdk-logs-1.38.0.jar;C:\Users\visha\.m2\repository\net\bytebuddy\byte-buddy\1.14.15\byte-buddy-1.14.15.jar;C:\Users\visha\.m2\repository\org\seleniumhq\selenium\selenium-http\4.21.0\selenium-http-4.21.0.jar;C:\Users\visha\.m2\repository\dev\failsafe\failsafe\3.3.2\failsafe-3.3.2.jar;C:\Users\visha\.m2\repository\org\seleniumhq\selenium\selenium-json\4.21.0\selenium-json-4.21.0.jar;C:\Users\visha\.m2\repository\org\seleniumhq\selenium\selenium-manager\4.21.0\selenium-manager-4.21.0.jar;C:\Users\visha\.m2\repository\org\seleniumhq\selenium\selenium-os\4.21.0\selenium-os-4.21.0.jar;C:\Users\visha\.m2\repository\org\apache\commons\commons-exec\1.4.0\commons-exec-1.4.0.jar;C:\Users\visha\.m2\repository\org\seleniumhq\selenium\selenium-support\4.21.0\selenium-support-4.21.0.jar;C:\Users\visha\.m2\repository\com\google\code\gson\gson\2.10.1\gson-2.10.1.jar;C:\Users\visha\.m2\repository\org\slf4j\slf4j-api\2.0.12\slf4j-api-2.0.12.jar;C:\Users\visha\.m2\repository\org\testng\testng\7.10.2\testng-7.10.2.jar;C:\Users\visha\.m2\repository\com\beust\jcommander\1.82\jcommander-1.82.jar;C:\Users\visha\.m2\repository\org\webjars\jquery\3.7.1\jquery-3.7.1.jar;C:\Users\visha\.m2\repository\commons-io\commons-io\2.16.1\commons-io-2.16.1.jar;C:\Users\visha\.m2\repository\com\fasterxml\jackson\core\jackson-databind\2.17.1\jackson-databind-2.17.1.jar;C:\Users\visha\.m2\repository\com\fasterxml\jackson\core\jackson-annotations\2.17.1\jackson-annotations-2.17.1.jar;C:\Users\visha\.m2\repository\com\fasterxml\jackson\core\jackson-core\2.17.1\jackson-core-2.17.1.jar;C:\Users\visha\.m2\repository\com\aventstack\extentreports\5.1.1\extentreports-5.1.1.jar;C:\Users\visha\.m2\repository\io\reactivex\rxjava3\rxjava\3.1.6\rxjava-3.1.6.jar;C:\Users\visha\.m2\repository\org\reactivestreams\reactive-streams\1.0.4\reactive-streams-1.0.4.jar;C:\Users\visha\.m2\repository\org\freemarker\freemarker\2.3.32\freemarker-2.3.32.jar;C:\Users\visha\.m2\repository\org\projectlombok\lombok\1.18.26\lombok-1.18.26.jar;"/>
    <property name="java.vm.vendor" value="Oracle Corporation"/>
    <property name="sun.arch.data.model" value="64"/>
    <property name="user.variant" value=""/>
    <property name="java.vendor.url" value="https://java.oracle.com/"/>
    <property name="user.timezone" value="Asia/Calcutta"/>
    <property name="os.name" value="Windows 11"/>
    <property name="java.vm.specification.version" value="22"/>
    <property name="sun.java.launcher" value="SUN_STANDARD"/>
    <property name="user.country" value="US"/>
    <property name="sun.boot.library.path" value="C:\Program Files\Java\jdk-22\bin"/>
    <property name="sun.java.command" value="C:\Users\visha\AppData\Local\Temp\surefire283491985859117188\surefirebooter-20240612164707766_3.jar C:\Users\visha\AppData\Local\Temp\surefire283491985859117188 2024-06-12T16-47-07_622-jvmRun1 surefire-20240612164707766_1tmp surefire_0-20240612164707766_2tmp"/>
    <property name="jdk.debug" value="release"/>
    <property name="surefire.test.class.path" value="C:\Users\visha\OneDrive\Documents\Workplace_revise\practice\target\test-classes;C:\Users\visha\OneDrive\Documents\Workplace_revise\practice\target\classes;C:\Users\visha\.m2\repository\io\appium\java-client\9.2.2\java-client-9.2.2.jar;C:\Users\visha\.m2\repository\org\seleniumhq\selenium\selenium-api\4.21.0\selenium-api-4.21.0.jar;C:\Users\visha\.m2\repository\org\seleniumhq\selenium\selenium-remote-driver\4.21.0\selenium-remote-driver-4.21.0.jar;C:\Users\visha\.m2\repository\com\google\auto\service\auto-service-annotations\1.1.1\auto-service-annotations-1.1.1.jar;C:\Users\visha\.m2\repository\com\google\guava\guava\33.2.0-jre\guava-33.2.0-jre.jar;C:\Users\visha\.m2\repository\com\google\guava\failureaccess\1.0.2\failureaccess-1.0.2.jar;C:\Users\visha\.m2\repository\com\google\guava\listenablefuture\9999.0-empty-to-avoid-conflict-with-guava\listenablefuture-9999.0-empty-to-avoid-conflict-with-guava.jar;C:\Users\visha\.m2\repository\com\google\code\findbugs\jsr305\3.0.2\jsr305-3.0.2.jar;C:\Users\visha\.m2\repository\org\checkerframework\checker-qual\3.42.0\checker-qual-3.42.0.jar;C:\Users\visha\.m2\repository\com\google\errorprone\error_prone_annotations\2.26.1\error_prone_annotations-2.26.1.jar;C:\Users\visha\.m2\repository\com\google\j2objc\j2objc-annotations\3.0.0\j2objc-annotations-3.0.0.jar;C:\Users\visha\.m2\repository\io\opentelemetry\semconv\opentelemetry-semconv\1.25.0-alpha\opentelemetry-semconv-1.25.0-alpha.jar;C:\Users\visha\.m2\repository\io\opentelemetry\opentelemetry-api\1.38.0\opentelemetry-api-1.38.0.jar;C:\Users\visha\.m2\repository\io\opentelemetry\opentelemetry-context\1.38.0\opentelemetry-context-1.38.0.jar;C:\Users\visha\.m2\repository\io\opentelemetry\opentelemetry-exporter-logging\1.38.0\opentelemetry-exporter-logging-1.38.0.jar;C:\Users\visha\.m2\repository\io\opentelemetry\opentelemetry-sdk-common\1.38.0\opentelemetry-sdk-common-1.38.0.jar;C:\Users\visha\.m2\repository\io\opentelemetry\opentelemetry-sdk-extension-autoconfigure-spi\1.38.0\opentelemetry-sdk-extension-autoconfigure-spi-1.38.0.jar;C:\Users\visha\.m2\repository\io\opentelemetry\opentelemetry-sdk-extension-autoconfigure\1.38.0\opentelemetry-sdk-extension-autoconfigure-1.38.0.jar;C:\Users\visha\.m2\repository\io\opentelemetry\opentelemetry-api-incubator\1.38.0-alpha\opentelemetry-api-incubator-1.38.0-alpha.jar;C:\Users\visha\.m2\repository\io\opentelemetry\opentelemetry-sdk-trace\1.38.0\opentelemetry-sdk-trace-1.38.0.jar;C:\Users\visha\.m2\repository\io\opentelemetry\opentelemetry-sdk\1.38.0\opentelemetry-sdk-1.38.0.jar;C:\Users\visha\.m2\repository\io\opentelemetry\opentelemetry-sdk-metrics\1.38.0\opentelemetry-sdk-metrics-1.38.0.jar;C:\Users\visha\.m2\repository\io\opentelemetry\opentelemetry-sdk-logs\1.38.0\opentelemetry-sdk-logs-1.38.0.jar;C:\Users\visha\.m2\repository\net\bytebuddy\byte-buddy\1.14.15\byte-buddy-1.14.15.jar;C:\Users\visha\.m2\repository\org\seleniumhq\selenium\selenium-http\4.21.0\selenium-http-4.21.0.jar;C:\Users\visha\.m2\repository\dev\failsafe\failsafe\3.3.2\failsafe-3.3.2.jar;C:\Users\visha\.m2\repository\org\seleniumhq\selenium\selenium-json\4.21.0\selenium-json-4.21.0.jar;C:\Users\visha\.m2\repository\org\seleniumhq\selenium\selenium-manager\4.21.0\selenium-manager-4.21.0.jar;C:\Users\visha\.m2\repository\org\seleniumhq\selenium\selenium-os\4.21.0\selenium-os-4.21.0.jar;C:\Users\visha\.m2\repository\org\apache\commons\commons-exec\1.4.0\commons-exec-1.4.0.jar;C:\Users\visha\.m2\repository\org\seleniumhq\selenium\selenium-support\4.21.0\selenium-support-4.21.0.jar;C:\Users\visha\.m2\repository\com\google\code\gson\gson\2.10.1\gson-2.10.1.jar;C:\Users\visha\.m2\repository\org\slf4j\slf4j-api\2.0.12\slf4j-api-2.0.12.jar;C:\Users\visha\.m2\repository\org\testng\testng\7.10.2\testng-7.10.2.jar;C:\Users\visha\.m2\repository\com\beust\jcommander\1.82\jcommander-1.82.jar;C:\Users\visha\.m2\repository\org\webjars\jquery\3.7.1\jquery-3.7.1.jar;C:\Users\visha\.m2\repository\commons-io\commons-io\2.16.1\commons-io-2.16.1.jar;C:\Users\visha\.m2\repository\com\fasterxml\jackson\core\jackson-databind\2.17.1\jackson-databind-2.17.1.jar;C:\Users\visha\.m2\repository\com\fasterxml\jackson\core\jackson-annotations\2.17.1\jackson-annotations-2.17.1.jar;C:\Users\visha\.m2\repository\com\fasterxml\jackson\core\jackson-core\2.17.1\jackson-core-2.17.1.jar;C:\Users\visha\.m2\repository\com\aventstack\extentreports\5.1.1\extentreports-5.1.1.jar;C:\Users\visha\.m2\repository\io\reactivex\rxjava3\rxjava\3.1.6\rxjava-3.1.6.jar;C:\Users\visha\.m2\repository\org\reactivestreams\reactive-streams\1.0.4\reactive-streams-1.0.4.jar;C:\Users\visha\.m2\repository\org\freemarker\freemarker\2.3.32\freemarker-2.3.32.jar;C:\Users\visha\.m2\repository\org\projectlombok\lombok\1.18.26\lombok-1.18.26.jar;"/>
    <property name="sun.cpu.endian" value="little"/>
    <property name="user.home" value="C:\Users\visha"/>
    <property name="user.language" value="en"/>
    <property name="java.specification.vendor" value="Oracle Corporation"/>
    <property name="java.version.date" value="2024-04-16"/>
    <property name="java.home" value="C:\Program Files\Java\jdk-22"/>
    <property name="file.separator" value="\"/>
    <property name="basedir" value="C:\Users\visha\OneDrive\Documents\Workplace_revise\practice"/>
    <property name="java.vm.compressedOopsMode" value="Zero based"/>
    <property name="line.separator" value="&#10;"/>
    <property name="java.vm.specification.vendor" value="Oracle Corporation"/>
    <property name="java.specification.name" value="Java Platform API Specification"/>
    <property name="surefire.real.class.path" value="C:\Users\visha\AppData\Local\Temp\surefire283491985859117188\surefirebooter-20240612164707766_3.jar"/>
    <property name="user.script" value=""/>
    <property name="sun.management.compiler" value="HotSpot 64-Bit Tiered Compilers"/>
    <property name="java.runtime.version" value="22.0.1+8-16"/>
    <property name="user.name" value="visha"/>
    <property name="stdout.encoding" value="Cp1252"/>
    <property name="path.separator" value=";"/>
    <property name="os.version" value="10.0"/>
    <property name="java.runtime.name" value="Java(TM) SE Runtime Environment"/>
    <property name="file.encoding" value="UTF-8"/>
    <property name="java.vm.name" value="Java HotSpot(TM) 64-Bit Server VM"/>
    <property name="localRepository" value="C:\Users\visha\.m2\repository"/>
    <property name="java.vendor.url.bug" value="https://bugreport.java.com/bugreport/"/>
    <property name="java.io.tmpdir" value="C:\Users\visha\AppData\Local\Temp\"/>
    <property name="java.version" value="22.0.1"/>
    <property name="user.dir" value="C:\Users\visha\OneDrive\Documents\Workplace_revise\practice"/>
    <property name="os.arch" value="amd64"/>
    <property name="java.vm.specification.name" value="Java Virtual Machine Specification"/>
    <property name="sun.os.patch.level" value=""/>
    <property name="native.encoding" value="Cp1252"/>
    <property name="java.library.path" value="C:\Program Files\Java\jdk-22\bin;C:\Windows\Sun\Java\bin;C:\Windows\system32;C:\Windows;C:\Windows\System32;C:\Users\visha\AppData\Local\Android\Sdk\build-tools\34.0.0;C:\Windows\Apktool;C:\Python312;C:\Python312\Scripts;C:\Program Files\Java\jdk-22\bin;C:\Users\visha\AppData\Local\Android\Sdk;C:\Program Files\nodejs;C:\Users\visha\AppData\Local\Android\Sdk\tools;C:\Users\visha\AppData\Local\Android\Sdk\tools\bin;C:\Users\visha\AppData\Local\Android\Sdk\build-tools\34.0.0\lib;C:\Users\visha\AppData\Local\Android\Sdk\emulator;C:\Users\visha\AppData\Local\Android\Sdk\platform-tools;C:\Program Files\nodejs\node_modules\npm;C:\Program Files\nodejs\node_modules\npm\bin;C:\Program Files\nodejs\node_modules;C:\Users\visha\AppData\Roaming\npm;C:\Users\visha\AppData\Roaming\Composer\vendor\bin;C:\Users\visha\.dotnet\tools;C:\Users\visha\AppData\Local\Microsoft\WindowsApps;C:\Program Files\Git\bin;C:\Program Files\Git;C:\Program Files\maven\bin;C:\Users\visha\AppData\Local\Microsoft\WindowsApps;C:\Users\visha\.dotnet\tools;C:\Users\visha\AppData\Local\Programs\Microsoft VS Code\bin;C:\Program Files\nodejs\node_modules\npm\bin;C:\Users\visha\AppData\Roaming\npm;C:\Users\visha\AppData\Roaming\Composer\vendor\bin;."/>
    <property name="java.vm.info" value="mixed mode, sharing"/>
    <property name="stderr.encoding" value="Cp1252"/>
    <property name="java.vendor" value="Oracle Corporation"/>
    <property name="java.vm.version" value="22.0.1+8-16"/>
    <property name="sun.io.unicode.encoding" value="UnicodeLittle"/>
    <property name="java.class.version" value="66.0"/>
  </properties>
  <testcase name="Test[{name=vishal gupta, countryName=Bhutan, gender=female, productName=Jordan Lift Off}](1)" classname="Appium.practice.Endtoend" time="3.475">
    <failure message="The element &apos;By.id: android:id/text1&apos; does not exist in DOM anymore&#10;For documentation on this error, please visit: https://www.selenium.dev/documentation/webdriver/troubleshooting/errors#stale-element-reference-exception&#10;Build info: version: &apos;4.21.0&apos;, revision: &apos;79ed462ef4&apos;&#10;System info: os.name: &apos;Windows 11&apos;, os.arch: &apos;amd64&apos;, os.version: &apos;10.0&apos;, java.version: &apos;22.0.1&apos;&#10;Driver info: io.appium.java_client.android.AndroidDriver&#10;Command: [086c6710-42f2-4bfe-b25e-72ace85f5aff, clickElement {id=00000000-0000-00e5-ffff-ffff00000024}]&#10;Capabilities {appium:app: C:\Users\visha\OneDrive\Doc..., appium:appPackage: com.androidsample.generalstore, appium:automationName: UIAutomator2, appium:databaseEnabled: false, appium:desired: {app: C:\Users\visha\OneDrive\Doc..., automationName: UIAutomator2, deviceName: vishal_device, platformName: ANDROID}, appium:deviceApiLevel: 34, appium:deviceManufacturer: Google, appium:deviceModel: sdk_gphone64_x86_64, appium:deviceName: emulator-5554, appium:deviceScreenDensity: 440, appium:deviceScreenSize: 1080x2220, appium:deviceUDID: emulator-5554, appium:javascriptEnabled: true, appium:locationContextEnabled: false, appium:networkConnectionEnabled: true, appium:pixelRatio: 2.75, appium:platformVersion: 14, appium:statBarHeight: 66, appium:takesScreenshot: true, appium:viewportRect: {height: 2154, left: 0, top: 66, width: 1080}, appium:warnings: {}, appium:webStorageEnabled: false, platformName: ANDROID}&#10;Element: [[AndroidDriver:  on ANDROID (086c6710-42f2-4bfe-b25e-72ace85f5aff)] -&gt; id: android:id/text1]&#10;Session ID: 086c6710-42f2-4bfe-b25e-72ace85f5aff" type="org.openqa.selenium.StaleElementReferenceException"><![CDATA[org.openqa.selenium.StaleElementReferenceException: 
The element 'By.id: android:id/text1' does not exist in DOM anymore
For documentation on this error, please visit: https://www.selenium.dev/documentation/webdriver/troubleshooting/errors#stale-element-reference-exception
Build info: version: '4.21.0', revision: '79ed462ef4'
System info: os.name: 'Windows 11', os.arch: 'amd64', os.version: '10.0', java.version: '22.0.1'
Driver info: io.appium.java_client.android.AndroidDriver
Command: [086c6710-42f2-4bfe-b25e-72ace85f5aff, clickElement {id=00000000-0000-00e5-ffff-ffff00000024}]
Capabilities {appium:app: C:\Users\visha\OneDrive\Doc..., appium:appPackage: com.androidsample.generalstore, appium:automationName: UIAutomator2, appium:databaseEnabled: false, appium:desired: {app: C:\Users\visha\OneDrive\Doc..., automationName: UIAutomator2, deviceName: vishal_device, platformName: ANDROID}, appium:deviceApiLevel: 34, appium:deviceManufacturer: Google, appium:deviceModel: sdk_gphone64_x86_64, appium:deviceName: emulator-5554, appium:deviceScreenDensity: 440, appium:deviceScreenSize: 1080x2220, appium:deviceUDID: emulator-5554, appium:javascriptEnabled: true, appium:locationContextEnabled: false, appium:networkConnectionEnabled: true, appium:pixelRatio: 2.75, appium:platformVersion: 14, appium:statBarHeight: 66, appium:takesScreenshot: true, appium:viewportRect: {height: 2154, left: 0, top: 66, width: 1080}, appium:warnings: {}, appium:webStorageEnabled: false, platformName: ANDROID}
Element: [[AndroidDriver:  on ANDROID (086c6710-42f2-4bfe-b25e-72ace85f5aff)] -> id: android:id/text1]
Session ID: 086c6710-42f2-4bfe-b25e-72ace85f5aff
	at java.base/jdk.internal.reflect.DirectConstructorHandleAccessor.newInstance(DirectConstructorHandleAccessor.java:62)
	at java.base/java.lang.reflect.Constructor.newInstanceWithCaller(Constructor.java:502)
	at java.base/java.lang.reflect.Constructor.newInstance(Constructor.java:486)
	at org.openqa.selenium.remote.ErrorCodec.decode(ErrorCodec.java:167)
	at org.openqa.selenium.remote.codec.w3c.W3CHttpResponseCodec.decode(W3CHttpResponseCodec.java:138)
	at org.openqa.selenium.remote.codec.w3c.W3CHttpResponseCodec.decode(W3CHttpResponseCodec.java:50)
	at org.openqa.selenium.remote.HttpCommandExecutor.execute(HttpCommandExecutor.java:190)
	at io.appium.java_client.remote.AppiumCommandExecutor.execute(AppiumCommandExecutor.java:237)
	at org.openqa.selenium.remote.RemoteWebDriver.execute(RemoteWebDriver.java:518)
	at org.openqa.selenium.remote.RemoteWebElement.execute(RemoteWebElement.java:223)
	at org.openqa.selenium.remote.RemoteWebElement.click(RemoteWebElement.java:76)
	at java.base/jdk.internal.reflect.DirectMethodHandleAccessor.invoke(DirectMethodHandleAccessor.java:103)
	at java.base/java.lang.reflect.Method.invoke(Method.java:580)
	at io.appium.java_client.pagefactory.ElementInterceptor.getObject(ElementInterceptor.java:42)
	at io.appium.java_client.pagefactory.interceptors.InterceptorOfASingleElement.call(InterceptorOfASingleElement.java:79)
	at io.appium.java_client.proxy.Interceptor.intercept(Interceptor.java:78)
	at org.openqa.selenium.remote.RemoteWebElement$ByteBuddy$gunlMH14.click(Unknown Source)
	at Appium.practice.Homepage.selectCountry(Homepage.java:46)
	at Appium.practice.Endtoend.Test(Endtoend.java:22)
	at java.base/jdk.internal.reflect.DirectMethodHandleAccessor.invoke(DirectMethodHandleAccessor.java:103)
	at java.base/java.lang.reflect.Method.invoke(Method.java:580)
	at org.testng.internal.invokers.MethodInvocationHelper.invokeMethod(MethodInvocationHelper.java:141)
	at org.testng.internal.invokers.TestInvoker.invokeMethod(TestInvoker.java:686)
	at org.testng.internal.invokers.TestInvoker.invokeTestMethod(TestInvoker.java:230)
	at org.testng.internal.invokers.MethodRunner.runInSequence(MethodRunner.java:63)
	at org.testng.internal.invokers.TestInvoker$MethodInvocationAgent.invoke(TestInvoker.java:992)
	at org.testng.internal.invokers.TestInvoker.invokeTestMethods(TestInvoker.java:203)
	at org.testng.internal.invokers.TestMethodWorker.invokeTestMethods(TestMethodWorker.java:154)
	at org.testng.internal.invokers.TestMethodWorker.run(TestMethodWorker.java:134)
	at java.base/java.util.ArrayList.forEach(ArrayList.java:1597)
	at org.testng.TestRunner.privateRun(TestRunner.java:739)
	at org.testng.TestRunner.run(TestRunner.java:614)
	at org.testng.SuiteRunner.runTest(SuiteRunner.java:421)
	at org.testng.SuiteRunner.runSequentially(SuiteRunner.java:413)
	at org.testng.SuiteRunner.privateRun(SuiteRunner.java:373)
	at org.testng.SuiteRunner.run(SuiteRunner.java:312)
	at org.testng.SuiteRunnerWorker.runSuite(SuiteRunnerWorker.java:52)
	at org.testng.SuiteRunnerWorker.run(SuiteRunnerWorker.java:95)
	at org.testng.TestNG.runSuitesSequentially(TestNG.java:1274)
	at org.testng.TestNG.runSuitesLocally(TestNG.java:1208)
	at org.testng.TestNG.runSuites(TestNG.java:1112)
	at org.testng.TestNG.run(TestNG.java:1079)
	at org.apache.maven.surefire.testng.TestNGExecutor.run(TestNGExecutor.java:308)
	at org.apache.maven.surefire.testng.TestNGXmlTestSuite.execute(TestNGXmlTestSuite.java:71)
	at org.apache.maven.surefire.testng.TestNGProvider.invoke(TestNGProvider.java:113)
	at org.apache.maven.surefire.booter.ForkedBooter.runSuitesInProcess(ForkedBooter.java:385)
	at org.apache.maven.surefire.booter.ForkedBooter.execute(ForkedBooter.java:162)
	at org.apache.maven.surefire.booter.ForkedBooter.run(ForkedBooter.java:507)
	at org.apache.maven.surefire.booter.ForkedBooter.main(ForkedBooter.java:495)
]]></failure>
    <system-out><![CDATA[WARN Appium Appium encountered 1 warning while validating drivers found in manifest C:\Users\visha\node_modules\.cache\appium\extensions.yaml
WARN Appium Driver "uiautomator2" has 1 potential problem: 
WARN Appium   - Driver "uiautomator2" (package `appium-uiautomator2-driver`) may be incompatible with the current version of Appium (v2.0.1) due to its peer dependency on older Appium v^2.4.1. Please upgrade `appium-uiautomator2-driver` to v3.5.3 or newer.
&amp#27;[35m[Appium]&amp#27;[39m Welcome to Appium v2.0.1
&amp#27;[35m[Appium]&amp#27;[39m Non-default server args:
&amp#27;[35m[Appium]&amp#27;[39m { address: &amp#27;[32m'127.0.0.1'&amp#27;[39m }
&amp#27;[35m[Appium]&amp#27;[39m Attempting to load driver uiautomator2...
[debug] &amp#27;[35m[Appium]&amp#27;[39m Requiring driver at C:/Users/visha/node_modules/appium-uiautomator2-driver
&amp#27;[35m[Appium]&amp#27;[39m Appium REST http interface listener started on http://127.0.0.1:4723
&amp#27;[35m[Appium]&amp#27;[39m Available drivers:
&amp#27;[35m[Appium]&amp#27;[39m   - uiautomator2@3.1.0 (automationName 'UiAutomator2')
&amp#27;[35m[Appium]&amp#27;[39m No plugins have been installed. Use the "appium plugin" command to install the one(s) you want to use.
&amp#27;[38;5;0m[HTTP]&amp#27;[0m &amp#27;[37m-->&amp#27;[39m &amp#27;[37mGET&amp#27;[39m &amp#27;[37m/status&amp#27;[39m
&amp#27;[38;5;0m[HTTP]&amp#27;[0m &amp#27;[90m{}&amp#27;[39m
[debug] &amp#27;[38;5;16m[AppiumDriver@3fdf]&amp#27;[0m Calling AppiumDriver.getStatus() with args: []
[debug] &amp#27;[38;5;16m[AppiumDriver@3fdf]&amp#27;[0m Responding to client with driver.getStatus() result: {"build":{"version":"2.0.1"}}
&amp#27;[38;5;0m[HTTP]&amp#27;[0m &amp#27;[37m<-- GET /status &amp#27;[39m&amp#27;[32m200&amp#27;[39m &amp#27;[90m3 ms - 39&amp#27;[39m
&amp#27;[38;5;0m[HTTP]&amp#27;[0m &amp#27;[90m&amp#27;[39m
[debug] &amp#27;[38;5;0m[HTTP]&amp#27;[0m Request idempotency key: 638470ae-35f2-4f8d-8087-204923a5e2cf
&amp#27;[38;5;0m[HTTP]&amp#27;[0m &amp#27;[37m-->&amp#27;[39m &amp#27;[37mPOST&amp#27;[39m &amp#27;[37m/session&amp#27;[39m
&amp#27;[38;5;0m[HTTP]&amp#27;[0m &amp#27;[90m{"capabilities":{"firstMatch":[{}],"alwaysMatch":{"appium:automationName":"UIAutomator2","appium:deviceName":"vishal_device","appium:app":"C:\\Users\\visha\\OneDrive\\Documents\\Workplace_revise\\practice\\Resources\\General-Store.apk","platformName":"ANDROID"}}}&amp#27;[39m
[debug] &amp#27;[38;5;16m[AppiumDriver@3fdf]&amp#27;[0m Calling AppiumDriver.createSession() with args: [null,null,{"firstMatch":[{}],"alwaysMatch":{"appium:automationName":"UIAutomator2","appium:deviceName":"vishal_device","appium:app":"C:\\Users\\visha\\OneDrive\\Documents\\Workplace_revise\\practice\\Resources\\General-Store.apk","platformName":"ANDROID"}}]
[debug] &amp#27;[38;5;16m[AppiumDriver@3fdf]&amp#27;[0m Event 'newSessionRequested' logged at 1718191034941 (16:47:14 GMT+0530 (India Standard Time))
&amp#27;[35m[Appium]&amp#27;[39m Attempting to find matching driver for automationName 'UIAutomator2' and platformName 'ANDROID'
&amp#27;[35m[Appium]&amp#27;[39m The 'uiautomator2' driver was installed and matched caps.
&amp#27;[35m[Appium]&amp#27;[39m Will require it at C:/Users/visha/node_modules/appium-uiautomator2-driver
[debug] &amp#27;[35m[Appium]&amp#27;[39m Requiring driver at C:/Users/visha/node_modules/appium-uiautomator2-driver
&amp#27;[38;5;16m[AppiumDriver@3fdf]&amp#27;[0m Appium v2.0.1 creating new AndroidUiautomator2Driver (v3.1.0) session
&amp#27;[38;5;16m[AppiumDriver@3fdf]&amp#27;[0m Checking BaseDriver versions for Appium and AndroidUiautomator2Driver
&amp#27;[38;5;16m[AppiumDriver@3fdf]&amp#27;[0m Appium's BaseDriver version is 9.6.0
&amp#27;[38;5;16m[AppiumDriver@3fdf]&amp#27;[0m AndroidUiautomator2Driver's BaseDriver version is 9.5.3
[debug] &amp#27;[38;5;32m[AndroidUiautomator2Driver@23e1]&amp#27;[0m Creating session with W3C capabilities: {
[debug] &amp#27;[38;5;32m[AndroidUiautomator2Driver@23e1]&amp#27;[0m   "alwaysMatch": {
[debug] &amp#27;[38;5;32m[AndroidUiautomator2Driver@23e1]&amp#27;[0m     "platformName": "ANDROID",
[debug] &amp#27;[38;5;32m[AndroidUiautomator2Driver@23e1]&amp#27;[0m     "appium:automationName": "UIAutomator2",
[debug] &amp#27;[38;5;32m[AndroidUiautomator2Driver@23e1]&amp#27;[0m     "appium:deviceName": "vishal_device",
[debug] &amp#27;[38;5;32m[AndroidUiautomator2Driver@23e1]&amp#27;[0m     "appium:app": "C:\\Users\\visha\\OneDrive\\Documents\\Workplace_revise\\practice\\Resources\\General-Store.apk"
[debug] &amp#27;[38;5;32m[AndroidUiautomator2Driver@23e1]&amp#27;[0m   },
[debug] &amp#27;[38;5;32m[AndroidUiautomator2Driver@23e1]&amp#27;[0m   "firstMatch": [
[debug] &amp#27;[38;5;32m[AndroidUiautomator2Driver@23e1]&amp#27;[0m     {}
[debug] &amp#27;[38;5;32m[AndroidUiautomator2Driver@23e1]&amp#27;[0m   ]
[debug] &amp#27;[38;5;32m[AndroidUiautomator2Driver@23e1]&amp#27;[0m }
&amp#27;[38;5;32m[AndroidUiautomator2Driver@23e1 (086c6710)]&amp#27;[0m Session created with session id: 086c6710-42f2-4bfe-b25e-72ace85f5aff
&amp#27;[38;5;48m[ADB]&amp#27;[0m Found 1 'build-tools' folders under 'C:\Users\visha\AppData\Local\Android\Sdk' (newest first):
&amp#27;[38;5;48m[ADB]&amp#27;[0m     C:\Users\visha\AppData\Local\Android\Sdk\build-tools\34.0.0
&amp#27;[38;5;48m[ADB]&amp#27;[0m Using 'adb.exe' from 'C:\Users\visha\AppData\Local\Android\Sdk\platform-tools\adb.exe'
[debug] &amp#27;[38;5;48m[ADB]&amp#27;[0m Running 'C:\Users\visha\AppData\Local\Android\Sdk\platform-tools\adb.exe -P 5037 start-server'
&amp#27;[38;5;32m[AndroidUiautomator2Driver@23e1 (086c6710)]&amp#27;[0m Retrieving device list
[debug] &amp#27;[38;5;48m[ADB]&amp#27;[0m Trying to find connected Android devices
[debug] &amp#27;[38;5;48m[ADB]&amp#27;[0m Getting connected devices
[debug] &amp#27;[38;5;48m[ADB]&amp#27;[0m Connected devices: [{"udid":"emulator-5554","state":"device"}]
&amp#27;[38;5;32m[AndroidUiautomator2Driver@23e1 (086c6710)]&amp#27;[0m Using device: emulator-5554
&amp#27;[38;5;48m[ADB]&amp#27;[0m Using 'adb.exe' from 'C:\Users\visha\AppData\Local\Android\Sdk\platform-tools\adb.exe'
[debug] &amp#27;[38;5;48m[ADB]&amp#27;[0m Running 'C:\Users\visha\AppData\Local\Android\Sdk\platform-tools\adb.exe -P 5037 start-server'
[debug] &amp#27;[38;5;48m[ADB]&amp#27;[0m Setting device id to emulator-5554
&amp#27;[38;5;64m[BaseDriver]&amp#27;[0m Using local app 'C:\Users\visha\OneDrive\Documents\Workplace_revise\practice\Resources\General-Store.apk'
[debug] &amp#27;[38;5;32m[AndroidUiautomator2Driver@23e1 (086c6710)]&amp#27;[0m Checking whether app is actually present
[debug] &amp#27;[38;5;48m[ADB]&amp#27;[0m Running 'C:\Users\visha\AppData\Local\Android\Sdk\platform-tools\adb.exe -P 5037 -s emulator-5554 shell getprop ro.build.version.sdk'
[debug] &amp#27;[38;5;48m[ADB]&amp#27;[0m Current device property 'ro.build.version.sdk': 34
&amp#27;[38;5;48m[ADB]&amp#27;[0m Getting device platform version
[debug] &amp#27;[38;5;48m[ADB]&amp#27;[0m Running 'C:\Users\visha\AppData\Local\Android\Sdk\platform-tools\adb.exe -P 5037 -s emulator-5554 shell getprop ro.build.version.release'
[debug] &amp#27;[38;5;48m[ADB]&amp#27;[0m Current device property 'ro.build.version.release': 14
[debug] &amp#27;[38;5;48m[ADB]&amp#27;[0m Device API level: 34
&amp#27;[38;5;32m[AndroidUiautomator2Driver@23e1 (086c6710)]&amp#27;[0m Relaxing hidden api policy
[debug] &amp#27;[38;5;48m[ADB]&amp#27;[0m Running 'C:\Users\visha\AppData\Local\Android\Sdk\platform-tools\adb.exe -P 5037 -s emulator-5554 shell 'settings put global hidden_api_policy_pre_p_apps 1;settings put global hidden_api_policy_p_apps 1;settings put global hidden_api_policy 1''
[debug] &amp#27;[38;5;32m[AndroidUiautomator2Driver@23e1 (086c6710)]&amp#27;[0m Parsing package and activity from app manifest
[debug] &amp#27;[38;5;48m[ADB]&amp#27;[0m Running 'C:\Users\visha\AppData\Local\Android\Sdk\platform-tools\adb.exe -P 5037 -s emulator-5554 wait-for-device'
&amp#27;[38;5;48m[ADB]&amp#27;[0m Package name: 'com.androidsample.generalstore'
&amp#27;[38;5;48m[ADB]&amp#27;[0m Main activity name: 'com.androidsample.generalstore.SplashActivity'
[debug] &amp#27;[38;5;32m[AndroidUiautomator2Driver@23e1 (086c6710)]&amp#27;[0m Parsed package and activity are: com.androidsample.generalstore/com.androidsample.generalstore.SplashActivity
[debug] &amp#27;[38;5;48m[ADB]&amp#27;[0m Running 'C:\Users\visha\AppData\Local\Android\Sdk\platform-tools\adb.exe -P 5037 -s emulator-5554 shell echo ping'
[debug] &amp#27;[38;5;32m[AndroidUiautomator2Driver@23e1 (086c6710)]&amp#27;[0m Pushing settings apk to the device...
[debug] &amp#27;[38;5;48m[ADB]&amp#27;[0m Getting package info for 'io.appium.settings'
[debug] &amp#27;[38;5;48m[ADB]&amp#27;[0m Running 'C:\Users\visha\AppData\Local\Android\Sdk\platform-tools\adb.exe -P 5037 -s emulator-5554 shell dumpsys package io.appium.settings'
[debug] &amp#27;[38;5;48m[ADB]&amp#27;[0m The version name of the installed 'io.appium.settings' is greater or equal to the application version name ('5.7.9' >= '5.7.9')
[debug] &amp#27;[38;5;48m[ADB]&amp#27;[0m There is no need to install/upgrade 'C:\Users\visha\node_modules\appium-uiautomator2-driver\node_modules\io.appium.settings\apks\settings_apk-debug.apk'
[debug] &amp#27;[38;5;48m[ADB]&amp#27;[0m Running 'C:\Users\visha\AppData\Local\Android\Sdk\platform-tools\adb.exe -P 5037 -s emulator-5554 shell dumpsys activity services io.appium.settings'
[debug] &amp#27;[38;5;32m[AndroidUiautomator2Driver@23e1 (086c6710)]&amp#27;[0m io.appium.settings is already running. There is no need to reset its permissions.
[debug] &amp#27;[38;5;80m[Logcat]&amp#27;[0m Starting logs capture with command: C:\\Users\\visha\\AppData\\Local\\Android\\Sdk\\platform-tools\\adb.exe -P 5037 -s emulator-5554 logcat -v threadtime
[debug] &amp#27;[38;5;32m[AndroidUiautomator2Driver@23e1 (086c6710)]&amp#27;[0m Forwarding UiAutomator2 Server port 6790 to local port 8200
[debug] &amp#27;[38;5;48m[ADB]&amp#27;[0m Forwarding system: 8200 to device: 6790
[debug] &amp#27;[38;5;48m[ADB]&amp#27;[0m Running 'C:\Users\visha\AppData\Local\Android\Sdk\platform-tools\adb.exe -P 5037 -s emulator-5554 forward tcp:8200 tcp:6790'
[debug] &amp#27;[38;5;48m[ADB]&amp#27;[0m Getting package info for 'io.appium.uiautomator2.server'
[debug] &amp#27;[38;5;48m[ADB]&amp#27;[0m Running 'C:\Users\visha\AppData\Local\Android\Sdk\platform-tools\adb.exe -P 5037 -s emulator-5554 shell dumpsys package io.appium.uiautomator2.server'
[debug] &amp#27;[38;5;48m[ADB]&amp#27;[0m Getting install status for io.appium.uiautomator2.server.test
[debug] &amp#27;[38;5;48m[ADB]&amp#27;[0m Checking app cert for C:\Users\visha\OneDrive\Documents\Workplace_revise\practice\Resources\General-Store.apk
[debug] &amp#27;[38;5;48m[ADB]&amp#27;[0m Running 'C:\Users\visha\AppData\Local\Android\Sdk\platform-tools\adb.exe -P 5037 -s emulator-5554 shell cmd package list packages'
&amp#27;[38;5;48m[ADB]&amp#27;[0m Using 'apksigner.jar' from 'C:\Users\visha\AppData\Local\Android\Sdk\build-tools\34.0.0\lib\apksigner.jar'
[debug] &amp#27;[38;5;48m[ADB]&amp#27;[0m Starting apksigner: 'C:\\Program Files\\Java\\jdk-22\\bin\\java.exe' -Xmx1024M -Xss1m -jar C:\\Users\\visha\\AppData\\Local\\Android\\Sdk\\build-tools\\34.0.0\\lib\\apksigner.jar verify --print-certs C:\\Users\\visha\\OneDrive\\Documents\\Workplace_revise\\practice\\Resources\\General-Store.apk
[debug] &amp#27;[38;5;48m[ADB]&amp#27;[0m 'io.appium.uiautomator2.server.test' is installed
[debug] &amp#27;[38;5;48m[ADB]&amp#27;[0m The version name of the installed 'io.appium.uiautomator2.server' is greater or equal to the application version name ('7.0.5' >= '7.0.5')
[debug] &amp#27;[38;5;32m[AndroidUiautomator2Driver@23e1 (086c6710)]&amp#27;[0m Server packages status: [{"installState":"sameVersionInstalled","appPath":"C:\\Users\\visha\\node_modules\\appium-uiautomator2-driver\\node_modules\\appium-uiautomator2-server\\apks\\appium-uiautomator2-server-v7.0.5.apk","appId":"io.appium.uiautomator2.server"},{"installState":"sameVersionInstalled","appPath":"C:\\Users\\visha\\node_modules\\appium-uiautomator2-driver\\node_modules\\appium-uiautomator2-server\\apks\\appium-uiautomator2-server-debug-androidTest.apk","appId":"io.appium.uiautomator2.server.test"}]
&amp#27;[38;5;32m[AndroidUiautomator2Driver@23e1 (086c6710)]&amp#27;[0m Server packages are not going to be (re)installed
[debug] &amp#27;[38;5;32m[AndroidUiautomator2Driver@23e1 (086c6710)]&amp#27;[0m Waiting up to 30000ms for services to be available
[debug] &amp#27;[38;5;48m[ADB]&amp#27;[0m Running 'C:\Users\visha\AppData\Local\Android\Sdk\platform-tools\adb.exe -P 5037 -s emulator-5554 shell pm list instrumentation'
[debug] &amp#27;[38;5;32m[AndroidUiautomator2Driver@23e1 (086c6710)]&amp#27;[0m Instrumentation target 'io.appium.uiautomator2.server.test/androidx.test.runner.AndroidJUnitRunner' is available
&amp#27;[38;5;48m[ADB]&amp#27;[0m Adding packages ["io.appium.settings","io.appium.uiautomator2.server","io.appium.uiautomator2.server.test"] to Doze whitelist
[debug] &amp#27;[38;5;48m[ADB]&amp#27;[0m Got the following command chunks to execute: [["dumpsys","deviceidle","whitelist","+io.appium.settings",";","dumpsys","deviceidle","whitelist","+io.appium.uiautomator2.server",";","dumpsys","deviceidle","whitelist","+io.appium.uiautomator2.server.test",";"]]
[debug] &amp#27;[38;5;48m[ADB]&amp#27;[0m Running 'C:\Users\visha\AppData\Local\Android\Sdk\platform-tools\adb.exe -P 5037 -s emulator-5554 shell dumpsys deviceidle whitelist +io.appium.settings ; dumpsys deviceidle whitelist +io.appium.uiautomator2.server ; dumpsys deviceidle whitelist +io.appium.uiautomator2.server.test ;'
[debug] &amp#27;[38;5;48m[ADB]&amp#27;[0m apksigner stdout: Signer #1 certificate DN: EMAILADDRESS=android@android.com, CN=Android, OU=Android, O=Android, L=Mountain View, ST=California, C=US
[debug] &amp#27;[38;5;48m[ADB]&amp#27;[0m Signer #1 certificate SHA-256 digest: a40da80a59d170caa950cf15c18c454d47a39b26989d8b640ecd745ba71bf5dc
[debug] &amp#27;[38;5;48m[ADB]&amp#27;[0m Signer #1 certificate SHA-1 digest: 61ed377e85d386a8dfee6b864bd85b0bfaa5af81
[debug] &amp#27;[38;5;48m[ADB]&amp#27;[0m Signer #1 certificate MD5 digest: e89b158e4bcf988ebd09eb83f5378e87
[debug] &amp#27;[38;5;48m[ADB]&amp#27;[0m 
[debug] &amp#27;[38;5;48m[ADB]&amp#27;[0m sha256 hash did match for 'General-Store.apk'
&amp#27;[38;5;48m[ADB]&amp#27;[0m 'C:\Users\visha\OneDrive\Documents\Workplace_revise\practice\Resources\General-Store.apk' is signed with the default certificate
[debug] &amp#27;[38;5;48m[ADB]&amp#27;[0m Getting package info for 'com.androidsample.generalstore'
[debug] &amp#27;[38;5;48m[ADB]&amp#27;[0m Running 'C:\Users\visha\AppData\Local\Android\Sdk\platform-tools\adb.exe -P 5037 -s emulator-5554 shell dumpsys package com.androidsample.generalstore'
[debug] &amp#27;[38;5;48m[ADB]&amp#27;[0m The version name of the installed 'com.androidsample.generalstore' is greater or equal to the application version name ('1.0.0' >= '1.0.0')
[debug] &amp#27;[38;5;48m[ADB]&amp#27;[0m There is no need to install/upgrade 'C:\Users\visha\OneDrive\Documents\Workplace_revise\practice\Resources\General-Store.apk'
&amp#27;[38;5;32m[AndroidUiautomator2Driver@23e1 (086c6710)]&amp#27;[0m Performing fast reset on 'com.androidsample.generalstore'
[debug] &amp#27;[38;5;48m[ADB]&amp#27;[0m Getting install status for com.androidsample.generalstore
[debug] &amp#27;[38;5;48m[ADB]&amp#27;[0m Running 'C:\Users\visha\AppData\Local\Android\Sdk\platform-tools\adb.exe -P 5037 -s emulator-5554 shell cmd package list packages'
[debug] &amp#27;[38;5;48m[ADB]&amp#27;[0m 'com.androidsample.generalstore' is installed
[debug] &amp#27;[38;5;48m[ADB]&amp#27;[0m Running 'C:\Users\visha\AppData\Local\Android\Sdk\platform-tools\adb.exe -P 5037 -s emulator-5554 shell am force-stop com.androidsample.generalstore'
[debug] &amp#27;[38;5;48m[ADB]&amp#27;[0m Running 'C:\Users\visha\AppData\Local\Android\Sdk\platform-tools\adb.exe -P 5037 -s emulator-5554 shell pm clear com.androidsample.generalstore'
[debug] &amp#27;[38;5;32m[AndroidUiautomator2Driver@23e1 (086c6710)]&amp#27;[0m Performed fast reset on the installed 'com.androidsample.generalstore' application (stop and clear)
[debug] &amp#27;[38;5;32m[AndroidUiautomator2Driver@23e1 (086c6710)]&amp#27;[0m Performing shallow cleanup of automation leftovers
[debug] &amp#27;[38;5;32m[AndroidUiautomator2Driver@23e1 (086c6710)]&amp#27;[0m No obsolete sessions have been detected (socket hang up)
[debug] &amp#27;[38;5;48m[ADB]&amp#27;[0m Running 'C:\Users\visha\AppData\Local\Android\Sdk\platform-tools\adb.exe -P 5037 -s emulator-5554 shell am force-stop io.appium.uiautomator2.server.test'
&amp#27;[38;5;32m[AndroidUiautomator2Driver@23e1 (086c6710)]&amp#27;[0m Starting UIAutomator2 server 7.0.5
&amp#27;[38;5;32m[AndroidUiautomator2Driver@23e1 (086c6710)]&amp#27;[0m Using UIAutomator2 server from 'C:\Users\visha\node_modules\appium-uiautomator2-driver\node_modules\appium-uiautomator2-server\apks\appium-uiautomator2-server-v7.0.5.apk' and test from 'C:\Users\visha\node_modules\appium-uiautomator2-driver\node_modules\appium-uiautomator2-server\apks\appium-uiautomator2-server-debug-androidTest.apk'
&amp#27;[38;5;32m[AndroidUiautomator2Driver@23e1 (086c6710)]&amp#27;[0m Waiting up to 30000ms for UiAutomator2 to be online...
[debug] &amp#27;[38;5;48m[ADB]&amp#27;[0m Creating ADB subprocess with args: ["-P","5037","-s","emulator-5554","shell","am","instrument","-w","-e","disableAnalytics","true","io.appium.uiautomator2.server.test/androidx.test.runner.AndroidJUnitRunner"]
[debug] &amp#27;[38;5;32m[AndroidUiautomator2Driver@23e1 (086c6710)]&amp#27;[0m Matched '/status' to command name 'getStatus'
[debug] &amp#27;[38;5;32m[AndroidUiautomator2Driver@23e1 (086c6710)]&amp#27;[0m Proxying [GET /status] to [GET http://127.0.0.1:8200/status] with no body
&amp#27;[38;5;32m[AndroidUiautomator2Driver@23e1 (086c6710)]&amp#27;[0m socket hang up
[debug] &amp#27;[38;5;96m[Instrumentation]&amp#27;[0m io.appium.uiautomator2.server.test.AppiumUiAutomator2Server:
[debug] &amp#27;[38;5;32m[AndroidUiautomator2Driver@23e1 (086c6710)]&amp#27;[0m Matched '/status' to command name 'getStatus'
[debug] &amp#27;[38;5;32m[AndroidUiautomator2Driver@23e1 (086c6710)]&amp#27;[0m Proxying [GET /status] to [GET http://127.0.0.1:8200/status] with no body
&amp#27;[38;5;32m[AndroidUiautomator2Driver@23e1 (086c6710)]&amp#27;[0m socket hang up
[debug] &amp#27;[38;5;32m[AndroidUiautomator2Driver@23e1 (086c6710)]&amp#27;[0m Matched '/status' to command name 'getStatus'
[debug] &amp#27;[38;5;32m[AndroidUiautomator2Driver@23e1 (086c6710)]&amp#27;[0m Proxying [GET /status] to [GET http://127.0.0.1:8200/status] with no body
[debug] &amp#27;[38;5;32m[AndroidUiautomator2Driver@23e1 (086c6710)]&amp#27;[0m Got response with status 200: {"sessionId":"None","value":{"message":"UiAutomator2 Server is ready to accept commands","ready":true}}
[debug] &amp#27;[38;5;32m[AndroidUiautomator2Driver@23e1 (086c6710)]&amp#27;[0m The initialization of the instrumentation process took 2156ms
[debug] &amp#27;[38;5;32m[AndroidUiautomator2Driver@23e1 (086c6710)]&amp#27;[0m Matched '/session' to command name 'createSession'
[debug] &amp#27;[38;5;32m[AndroidUiautomator2Driver@23e1 (086c6710)]&amp#27;[0m Proxying [POST /session] to [POST http://127.0.0.1:8200/session] with body: {"capabilities":{"firstMatch":[{"platformName":"ANDROID","automationName":"UIAutomator2","deviceName":"emulator-5554","app":"C:\\Users\\visha\\OneDrive\\Documents\\Workplace_revise\\practice\\Resources\\General-Store.apk","platform":"LINUX","webStorageEnabled":false,"takesScreenshot":true,"javascriptEnabled":true,"databaseEnabled":false,"networkConnectionEnabled":true,"locationContextEnabled":false,"warnings":{},"desired":{"platformName":"ANDROID","automationName":"UIAutomator2","deviceName":"vishal_device","app":"C:\\Users\\visha\\OneDrive\\Documents\\Workplace_revise\\practice\\Resources\\General-Store.apk"},"deviceUDID":"emulator-5554","appPackage":"com.androidsample.generalstore"}],"alwaysMatch":{}}}
[debug] &amp#27;[38;5;32m[AndroidUiautomator2Driver@23e1 (086c6710)]&amp#27;[0m Got response with status 200: {"sessionId":"b4bdeba8-0662-434c-b8c5-9ecf4d35a4c7","value":{"capabilities":{"firstMatch":[{"platformName":"ANDROID","automationName":"UIAutomator2","deviceName":"emulator-5554","app":"C:\\Users\\visha\\OneDrive\\Documents\\Workplace_revise\\practice\\Resources\\General-Store.apk","platform":"LINUX","webStorageEnabled":false,"takesScreenshot":true,"javascriptEnabled":true,"databaseEnabled":false,"networkConnectionEnabled":true,"locationContextEnabled":false,"warnings":{},"desired":{"platformName":"ANDROID","automationName":"UIAutomator2","deviceName":"vishal_device","app":"C:\\Users\\visha\\OneDrive\\Documents\\Workplace_revise\\practice\\Resources\\General-Store.apk"},"deviceUDID":"emulator-5554","appPackage":"com.androidsample.generalstore"}],"alwaysMatch":{}},"sessionId":"b4bdeba8-0662-434c-b8c5-9ecf4d35a4c7"}}
&amp#27;[38;5;32m[AndroidUiautomator2Driver@23e1 (086c6710)]&amp#27;[0m Determined the downstream protocol as 'W3C'
[debug] &amp#27;[38;5;32m[AndroidUiautomator2Driver@23e1 (086c6710)]&amp#27;[0m Proxying [GET /appium/device/pixel_ratio] to [GET http://127.0.0.1:8200/session/b4bdeba8-0662-434c-b8c5-9ecf4d35a4c7/appium/device/pixel_ratio] with no body
[debug] &amp#27;[38;5;32m[AndroidUiautomator2Driver@23e1 (086c6710)]&amp#27;[0m Matched '/appium/device/system_bars' to command name 'getSystemBars'
[debug] &amp#27;[38;5;32m[AndroidUiautomator2Driver@23e1 (086c6710)]&amp#27;[0m Proxying [GET /appium/device/system_bars] to [GET http://127.0.0.1:8200/session/b4bdeba8-0662-434c-b8c5-9ecf4d35a4c7/appium/device/system_bars] with no body
[debug] &amp#27;[38;5;32m[AndroidUiautomator2Driver@23e1 (086c6710)]&amp#27;[0m Matched '/window/current/size' to command name 'getWindowSize'
[debug] &amp#27;[38;5;32m[AndroidUiautomator2Driver@23e1 (086c6710)]&amp#27;[0m Proxying [GET /window/current/size] to [GET http://127.0.0.1:8200/session/b4bdeba8-0662-434c-b8c5-9ecf4d35a4c7/window/current/size] with no body
[debug] &amp#27;[38;5;32m[AndroidUiautomator2Driver@23e1 (086c6710)]&amp#27;[0m Proxying [GET /appium/device/info] to [GET http://127.0.0.1:8200/session/b4bdeba8-0662-434c-b8c5-9ecf4d35a4c7/appium/device/info] with no body
[debug] &amp#27;[38;5;48m[ADB]&amp#27;[0m Running 'C:\Users\visha\AppData\Local\Android\Sdk\platform-tools\adb.exe -P 5037 -s emulator-5554 shell dumpsys window'
[debug] &amp#27;[38;5;32m[AndroidUiautomator2Driver@23e1 (086c6710)]&amp#27;[0m Got response with status 200: {"sessionId":"b4bdeba8-0662-434c-b8c5-9ecf4d35a4c7","value":2.75}
[debug] &amp#27;[38;5;32m[AndroidUiautomator2Driver@23e1 (086c6710)]&amp#27;[0m Got response with status 200: {"sessionId":"b4bdeba8-0662-434c-b8c5-9ecf4d35a4c7","value":{"statusBar":66}}
[debug] &amp#27;[38;5;32m[AndroidUiautomator2Driver@23e1 (086c6710)]&amp#27;[0m Got response with status 200: {"sessionId":"b4bdeba8-0662-434c-b8c5-9ecf4d35a4c7","value":{"height":2220,"width":1080}}
[debug] &amp#27;[38;5;32m[AndroidUiautomator2Driver@23e1 (086c6710)]&amp#27;[0m Got response with status 200: {"sessionId":"b4bdeba8-0662-434c-b8c5-9ecf4d35a4c7","value":{"androidId":"ae4da2772383f608","apiVersion":"34","bluetooth":{"state":"ON"},"brand":"google","carrierName":"T-Mobile","displayDensity":440,"locale":"en_US","manufacturer":"Google","model":"sdk_gphone64_x86_64","networks":[{"capabilities":{"SSID":null,"linkDownBandwidthKbps":4300,"linkUpstreamBandwidthKbps":1800,"networkCapabilities":"NET_CAPABILITY_MMS,NET_CAPABILITY_SUPL,NET_CAPABILITY_DUN,NET_CAPABILITY_FOTA,NET_CAPABILITY_IMS,NET_CAPABILITY_CBS,NET_CAPABILITY_INTERNET,NET_CAPABILITY_NOT_RESTRICTED,NET_CAPABILITY_TRUSTED,NET_CAPABILITY_NOT_VPN,NET_CAPABILITY_VALIDATED,NET_CAPABILITY_NOT_ROAMING,NET_CAPABILITY_NOT_CONGESTED,NET_CAPABILITY_NOT_SUSPENDED","signalStrength":-2147483648,"transportTypes":"TRANSPORT_CELLULAR"},"detailedState":"CONNECTED","extraInfo":"epc.tmobile.com","isAvailable":true,"isConnected":true,"isFailover":false,"isRoaming":false,"state":"CONNECTED","subtype":10,"subtypeName":"HSPA","type":0,"typeName":"MOBILE"},{"capabiliti...
&amp#27;[38;5;32m[AndroidUiautomator2Driver@23e1 (086c6710)]&amp#27;[0m Screen already unlocked, doing nothing
&amp#27;[38;5;32m[AndroidUiautomator2Driver@23e1 (086c6710)]&amp#27;[0m Starting 'com.androidsample.generalstore/com.androidsample.generalstore.SplashActivity and waiting for 'com.androidsample.generalstore/com.androidsample.generalstore.SplashActivity'
[debug] &amp#27;[38;5;48m[ADB]&amp#27;[0m Running 'C:\Users\visha\AppData\Local\Android\Sdk\platform-tools\adb.exe -P 5037 -s emulator-5554 shell am start -W -n com.androidsample.generalstore/com.androidsample.generalstore.SplashActivity -S -a android.intent.action.MAIN -c android.intent.category.LAUNCHER -f 0x10200000'
[debug] &amp#27;[38;5;48m[ADB]&amp#27;[0m Waiting up to 20000ms for activity matching pkg: 'com.androidsample.generalstore' and activity: 'com.androidsample.generalstore.SplashActivity' to be focused
[debug] &amp#27;[38;5;48m[ADB]&amp#27;[0m Possible activities, to be checked: 'com.androidsample.generalstore.SplashActivity', 'com.androidsample.generalstore.com.androidsample.generalstore.SplashActivity'
[debug] &amp#27;[38;5;48m[ADB]&amp#27;[0m Getting focused package and activity
[debug] &amp#27;[38;5;48m[ADB]&amp#27;[0m Running 'C:\Users\visha\AppData\Local\Android\Sdk\platform-tools\adb.exe -P 5037 -s emulator-5554 shell dumpsys window displays'
[debug] &amp#27;[38;5;48m[ADB]&amp#27;[0m Found package: 'com.androidsample.generalstore' and fully qualified activity name : 'com.androidsample.generalstore.SplashActivity'
&amp#27;[38;5;16m[AppiumDriver@3fdf]&amp#27;[0m New AndroidUiautomator2Driver session created successfully, session 086c6710-42f2-4bfe-b25e-72ace85f5aff added to master session list
[debug] &amp#27;[38;5;16m[AppiumDriver@3fdf]&amp#27;[0m Event 'newSessionStarted' logged at 1718191040280 (16:47:20 GMT+0530 (India Standard Time))
[debug] &amp#27;[38;5;32m[AndroidUiautomator2Driver@23e1 (086c6710)]&amp#27;[0m Cached the protocol value 'W3C' for the new session 086c6710-42f2-4bfe-b25e-72ace85f5aff
[debug] &amp#27;[38;5;32m[AndroidUiautomator2Driver@23e1 (086c6710)]&amp#27;[0m Responding to client with driver.createSession() result: {"capabilities":{"platformName":"ANDROID","automationName":"UIAutomator2","deviceName":"emulator-5554","app":"C:\\Users\\visha\\OneDrive\\Documents\\Workplace_revise\\practice\\Resources\\General-Store.apk","platform":"LINUX","webStorageEnabled":false,"takesScreenshot":true,"javascriptEnabled":true,"databaseEnabled":false,"networkConnectionEnabled":true,"locationContextEnabled":false,"warnings":{},"desired":{"platformName":"ANDROID","automationName":"UIAutomator2","deviceName":"vishal_device","app":"C:\\Users\\visha\\OneDrive\\Documents\\Workplace_revise\\practice\\Resources\\General-Store.apk"},"deviceUDID":"emulator-5554","appPackage":"com.androidsample.generalstore","pixelRatio":"2.75","statBarHeight":66,"viewportRect":{"left":0,"top":66,"width":1080,"height":2154},"deviceApiLevel":34,"platformVersion":"14","deviceManufacturer":"Google","deviceModel":"sdk_gphone64_x86_64","deviceScreenSize":"1080x2220","deviceScreenDensity":440}}
&amp#27;[38;5;0m[HTTP]&amp#27;[0m &amp#27;[37m<-- POST /session &amp#27;[39m&amp#27;[32m200&amp#27;[39m &amp#27;[90m5341 ms - 1007&amp#27;[39m
&amp#27;[38;5;0m[HTTP]&amp#27;[0m &amp#27;[90m&amp#27;[39m
&amp#27;[38;5;0m[HTTP]&amp#27;[0m &amp#27;[37m-->&amp#27;[39m &amp#27;[37mPOST&amp#27;[39m &amp#27;[37m/session/086c6710-42f2-4bfe-b25e-72ace85f5aff/execute/sync&amp#27;[39m
&amp#27;[38;5;0m[HTTP]&amp#27;[0m &amp#27;[90m{"args":[{"intent":"com.androidsample.generalstore/com.androidsample.generalstore.MainActivity"}],"script":"mobile: startActivity"}&amp#27;[39m
[debug] &amp#27;[38;5;32m[AndroidUiautomator2Driver@23e1 (086c6710)]&amp#27;[0m Calling AppiumDriver.execute() with args: ["mobile: startActivity",[{"intent":"com.androidsample.generalstore/com.androidsample.generalstore.MainActivity"}],"086c6710-42f2-4bfe-b25e-72ace85f5aff"]
&amp#27;[38;5;32m[AndroidUiautomator2Driver@23e1 (086c6710)]&amp#27;[0m Executing method 'mobile: startActivity'
[debug] &amp#27;[38;5;48m[ADB]&amp#27;[0m Running 'C:\Users\visha\AppData\Local\Android\Sdk\platform-tools\adb.exe -P 5037 -s emulator-5554 shell am start-activity com.androidsample.generalstore/com.androidsample.generalstore.MainActivity'
[debug] &amp#27;[38;5;32m[AndroidUiautomator2Driver@23e1 (086c6710)]&amp#27;[0m Responding to client with driver.execute() result: "Starting: Intent { act=android.intent.action.MAIN cat=[android.intent.category.LAUNCHER] cmp=com.androidsample.generalstore/.MainActivity }"
&amp#27;[38;5;0m[HTTP]&amp#27;[0m &amp#27;[37m<-- POST /session/086c6710-42f2-4bfe-b25e-72ace85f5aff/execute/sync &amp#27;[39m&amp#27;[32m200&amp#27;[39m &amp#27;[90m117 ms - 151&amp#27;[39m
&amp#27;[38;5;0m[HTTP]&amp#27;[0m &amp#27;[90m&amp#27;[39m
&amp#27;[38;5;0m[HTTP]&amp#27;[0m &amp#27;[37m-->&amp#27;[39m &amp#27;[37mPOST&amp#27;[39m &amp#27;[37m/session/086c6710-42f2-4bfe-b25e-72ace85f5aff/timeouts&amp#27;[39m
&amp#27;[38;5;0m[HTTP]&amp#27;[0m &amp#27;[90m{"implicit":10000}&amp#27;[39m
[debug] &amp#27;[38;5;32m[AndroidUiautomator2Driver@23e1 (086c6710)]&amp#27;[0m Calling AppiumDriver.timeouts() with args: [null,null,null,null,10000,"086c6710-42f2-4bfe-b25e-72ace85f5aff"]
[debug] &amp#27;[38;5;32m[AndroidUiautomator2Driver@23e1 (086c6710)]&amp#27;[0m W3C timeout argument: {"implicit":10000}}
[debug] &amp#27;[38;5;32m[AndroidUiautomator2Driver@23e1 (086c6710)]&amp#27;[0m Set implicit wait to 10000ms
[debug] &amp#27;[38;5;32m[AndroidUiautomator2Driver@23e1 (086c6710)]&amp#27;[0m Responding to client with driver.timeouts() result: null
&amp#27;[38;5;0m[HTTP]&amp#27;[0m &amp#27;[37m<-- POST /session/086c6710-42f2-4bfe-b25e-72ace85f5aff/timeouts &amp#27;[39m&amp#27;[32m200&amp#27;[39m &amp#27;[90m4 ms - 14&amp#27;[39m
&amp#27;[38;5;0m[HTTP]&amp#27;[0m &amp#27;[90m&amp#27;[39m
&amp#27;[38;5;0m[HTTP]&amp#27;[0m &amp#27;[37m-->&amp#27;[39m &amp#27;[37mGET&amp#27;[39m &amp#27;[37m/session/086c6710-42f2-4bfe-b25e-72ace85f5aff/context&amp#27;[39m
&amp#27;[38;5;0m[HTTP]&amp#27;[0m &amp#27;[90m{}&amp#27;[39m
[debug] &amp#27;[38;5;32m[AndroidUiautomator2Driver@23e1 (086c6710)]&amp#27;[0m Calling AppiumDriver.getCurrentContext() with args: ["086c6710-42f2-4bfe-b25e-72ace85f5aff"]
[debug] &amp#27;[38;5;32m[AndroidUiautomator2Driver@23e1 (086c6710)]&amp#27;[0m Responding to client with driver.getCurrentContext() result: "NATIVE_APP"
&amp#27;[38;5;0m[HTTP]&amp#27;[0m &amp#27;[37m<-- GET /session/086c6710-42f2-4bfe-b25e-72ace85f5aff/context &amp#27;[39m&amp#27;[32m200&amp#27;[39m &amp#27;[90m5 ms - 22&amp#27;[39m
&amp#27;[38;5;0m[HTTP]&amp#27;[0m &amp#27;[90m&amp#27;[39m
&amp#27;[38;5;0m[HTTP]&amp#27;[0m &amp#27;[37m-->&amp#27;[39m &amp#27;[37mPOST&amp#27;[39m &amp#27;[37m/session/086c6710-42f2-4bfe-b25e-72ace85f5aff/element&amp#27;[39m
&amp#27;[38;5;0m[HTTP]&amp#27;[0m &amp#27;[90m{"value":"android:id/text1","using":"id"}&amp#27;[39m
[debug] &amp#27;[38;5;32m[AndroidUiautomator2Driver@23e1 (086c6710)]&amp#27;[0m Calling AppiumDriver.findElement() with args: ["id","android:id/text1","086c6710-42f2-4bfe-b25e-72ace85f5aff"]
[debug] &amp#27;[38;5;32m[AndroidUiautomator2Driver@23e1 (086c6710)]&amp#27;[0m Valid locator strategies for this request: xpath, id, class name, accessibility id, css selector, -android uiautomator
[debug] &amp#27;[38;5;32m[AndroidUiautomator2Driver@23e1 (086c6710)]&amp#27;[0m Waiting up to 10000 ms for condition
[debug] &amp#27;[38;5;32m[AndroidUiautomator2Driver@23e1 (086c6710)]&amp#27;[0m Matched '/element' to command name 'findElement'
[debug] &amp#27;[38;5;32m[AndroidUiautomator2Driver@23e1 (086c6710)]&amp#27;[0m Proxying [POST /element] to [POST http://127.0.0.1:8200/session/b4bdeba8-0662-434c-b8c5-9ecf4d35a4c7/element] with body: {"strategy":"id","selector":"android:id/text1","context":"","multiple":false}
&amp#27;[38;5;32m[AndroidUiautomator2Driver@23e1 (086c6710)]&amp#27;[0m Got response with status 404: {"sessionId":"b4bdeba8-0662-434c-b8c5-9ecf4d35a4c7","value":{"error":"no such element","message":"An element could not be located on the page using the given search parameters","stacktrace":"io.appium.uiautomator2.common.exceptions.ElementNotFoundException: An element could not be located on the page using the given search parameters\n\tat io.appium.uiautomator2.handler.FindElement.safeHandle(FindElement.java:63)\n\tat io.appium.uiautomator2.handler.request.SafeRequestHandler.handle(SafeRequestHandler.java:59)\n\tat io.appium.uiautomator2.server.AppiumServlet.handleRequest(AppiumServlet.java:259)\n\tat io.appium.uiautomator2.server.AppiumServlet.handleHttpRequest(AppiumServlet.java:253)\n\tat io.appium.uiautomator2.http.ServerHandler.channelRead(ServerHandler.java:77)\n\tat io.netty.channel.AbstractChannelHandlerContext.invokeChannelRead(AbstractChannelHandlerContext.java:366)\n\tat io.netty.channel.AbstractChannelHandlerContext.invokeChannelRead(AbstractChannelHandlerContext.java:352)\n\tat io.netty.chann...
[debug] &amp#27;[38;5;112m[W3C]&amp#27;[0m Matched W3C error code 'no such element' to NoSuchElementError
[debug] &amp#27;[38;5;32m[AndroidUiautomator2Driver@23e1 (086c6710)]&amp#27;[0m Waited for 274 ms so far
[debug] &amp#27;[38;5;32m[AndroidUiautomator2Driver@23e1 (086c6710)]&amp#27;[0m Matched '/element' to command name 'findElement'
[debug] &amp#27;[38;5;32m[AndroidUiautomator2Driver@23e1 (086c6710)]&amp#27;[0m Proxying [POST /element] to [POST http://127.0.0.1:8200/session/b4bdeba8-0662-434c-b8c5-9ecf4d35a4c7/element] with body: {"strategy":"id","selector":"android:id/text1","context":"","multiple":false}
[debug] &amp#27;[38;5;32m[AndroidUiautomator2Driver@23e1 (086c6710)]&amp#27;[0m Got response with status 200: {"sessionId":"b4bdeba8-0662-434c-b8c5-9ecf4d35a4c7","value":{"ELEMENT":"00000000-0000-00e5-ffff-ffff00000024","element-6066-11e4-a52e-4f735466cecf":"00000000-0000-00e5-ffff-ffff00000024"}}
[debug] &amp#27;[38;5;32m[AndroidUiautomator2Driver@23e1 (086c6710)]&amp#27;[0m Responding to client with driver.findElement() result: {"element-6066-11e4-a52e-4f735466cecf":"00000000-0000-00e5-ffff-ffff00000024","ELEMENT":"00000000-0000-00e5-ffff-ffff00000024"}
&amp#27;[38;5;0m[HTTP]&amp#27;[0m &amp#27;[37m<-- POST /session/086c6710-42f2-4bfe-b25e-72ace85f5aff/element &amp#27;[39m&amp#27;[32m200&amp#27;[39m &amp#27;[90m1510 ms - 137&amp#27;[39m
&amp#27;[38;5;0m[HTTP]&amp#27;[0m &amp#27;[90m&amp#27;[39m
&amp#27;[38;5;0m[HTTP]&amp#27;[0m &amp#27;[37m-->&amp#27;[39m &amp#27;[37mPOST&amp#27;[39m &amp#27;[37m/session/086c6710-42f2-4bfe-b25e-72ace85f5aff/element/00000000-0000-00e5-ffff-ffff00000024/click&amp#27;[39m
&amp#27;[38;5;0m[HTTP]&amp#27;[0m &amp#27;[90m{"id":"00000000-0000-00e5-ffff-ffff00000024"}&amp#27;[39m
[debug] &amp#27;[38;5;32m[AndroidUiautomator2Driver@23e1 (086c6710)]&amp#27;[0m Calling AppiumDriver.click() with args: ["00000000-0000-00e5-ffff-ffff00000024","086c6710-42f2-4bfe-b25e-72ace85f5aff"]
[debug] &amp#27;[38;5;32m[AndroidUiautomator2Driver@23e1 (086c6710)]&amp#27;[0m Matched '/element/00000000-0000-00e5-ffff-ffff00000024/click' to command name 'click'
[debug] &amp#27;[38;5;32m[AndroidUiautomator2Driver@23e1 (086c6710)]&amp#27;[0m Proxying [POST /element/00000000-0000-00e5-ffff-ffff00000024/click] to [POST http://127.0.0.1:8200/session/b4bdeba8-0662-434c-b8c5-9ecf4d35a4c7/element/00000000-0000-00e5-ffff-ffff00000024/click] with body: {"element":"00000000-0000-00e5-ffff-ffff00000024"}
&amp#27;[38;5;32m[AndroidUiautomator2Driver@23e1 (086c6710)]&amp#27;[0m Got response with status 404: {"sessionId":"b4bdeba8-0662-434c-b8c5-9ecf4d35a4c7","value":{"error":"stale element reference","message":"The element 'By.id: android:id/text1' does not exist in DOM anymore","stacktrace":"io.appium.uiautomator2.common.exceptions.StaleElementReferenceException: The element 'By.id: android:id/text1' does not exist in DOM anymore\n\tat io.appium.uiautomator2.model.ElementsCache.restore(ElementsCache.java:117)\n\tat io.appium.uiautomator2.model.ElementsCache.get(ElementsCache.java:153)\n\tat io.appium.uiautomator2.handler.Click.safeHandle(Click.java:36)\n\tat io.appium.uiautomator2.handler.request.SafeRequestHandler.handle(SafeRequestHandler.java:59)\n\tat io.appium.uiautomator2.server.AppiumServlet.handleRequest(AppiumServlet.java:259)\n\tat io.appium.uiautomator2.server.AppiumServlet.handleHttpRequest(AppiumServlet.java:253)\n\tat io.appium.uiautomator2.http.ServerHandler.channelRead(ServerHandler.java:77)\n\tat io.netty.channel.AbstractChannelHandlerContext.invokeChannelRead(AbstractChannelHandlerContext.j...
[debug] &amp#27;[38;5;112m[W3C]&amp#27;[0m Matched W3C error code 'stale element reference' to StaleElementReferenceError
[debug] &amp#27;[38;5;32m[AndroidUiautomator2Driver@23e1 (086c6710)]&amp#27;[0m Encountered internal error running command: io.appium.uiautomator2.common.exceptions.StaleElementReferenceException: The element 'By.id: android:id/text1' does not exist in DOM anymore
[debug] &amp#27;[38;5;32m[AndroidUiautomator2Driver@23e1 (086c6710)]&amp#27;[0m 	at io.appium.uiautomator2.model.ElementsCache.restore(ElementsCache.java:117)
[debug] &amp#27;[38;5;32m[AndroidUiautomator2Driver@23e1 (086c6710)]&amp#27;[0m 	at io.appium.uiautomator2.model.ElementsCache.get(ElementsCache.java:153)
[debug] &amp#27;[38;5;32m[AndroidUiautomator2Driver@23e1 (086c6710)]&amp#27;[0m 	at io.appium.uiautomator2.handler.Click.safeHandle(Click.java:36)
[debug] &amp#27;[38;5;32m[AndroidUiautomator2Driver@23e1 (086c6710)]&amp#27;[0m 	at io.appium.uiautomator2.handler.request.SafeRequestHandler.handle(SafeRequestHandler.java:59)
[debug] &amp#27;[38;5;32m[AndroidUiautomator2Driver@23e1 (086c6710)]&amp#27;[0m 	at io.appium.uiautomator2.server.AppiumServlet.handleRequest(AppiumServlet.java:259)
[debug] &amp#27;[38;5;32m[AndroidUiautomator2Driver@23e1 (086c6710)]&amp#27;[0m 	at io.appium.uiautomator2.server.AppiumServlet.handleHttpRequest(AppiumServlet.java:253)
[debug] &amp#27;[38;5;32m[AndroidUiautomator2Driver@23e1 (086c6710)]&amp#27;[0m 	at io.appium.uiautomator2.http.ServerHandler.channelRead(ServerHandler.java:77)
[debug] &amp#27;[38;5;32m[AndroidUiautomator2Driver@23e1 (086c6710)]&amp#27;[0m 	at io.netty.channel.AbstractChannelHandlerContext.invokeChannelRead(AbstractChannelHandlerContext.java:366)
[debug] &amp#27;[38;5;32m[AndroidUiautomator2Driver@23e1 (086c6710)]&amp#27;[0m 	at io.netty.channel.AbstractChannelHandlerContext.invokeChannelRead(AbstractChannelHandlerContext.java:352)
[debug] &amp#27;[38;5;32m[AndroidUiautomator2Driver@23e1 (086c6710)]&amp#27;[0m 	at io.netty.channel.AbstractChannelHandlerContext.fireChannelRead(AbstractChannelHandlerContext.java:345)
[debug] &amp#27;[38;5;32m[AndroidUiautomator2Driver@23e1 (086c6710)]&amp#27;[0m 	at io.netty.handler.codec.MessageToMessageDecoder.channelRead(MessageToMessageDecoder.java:102)
[debug] &amp#27;[38;5;32m[AndroidUiautomator2Driver@23e1 (086c6710)]&amp#27;[0m 	at io.netty.channel.AbstractChannelHandlerContext.invokeChannelRead(AbstractChannelHandlerContext.java:366)
[debug] &amp#27;[38;5;32m[AndroidUiautomator2Driver@23e1 (086c6710)]&amp#27;[0m 	at io.netty.channel.AbstractChannelHandlerContext.invokeChannelRead(AbstractChannelHandlerContext.java:352)
[debug] &amp#27;[38;5;32m[AndroidUiautomator2Driver@23e1 (086c6710)]&amp#27;[0m 	at io.netty.channel.AbstractChannelHandlerContext.fireChannelRead(AbstractChannelHandlerContext.java:345)
[debug] &amp#27;[38;5;32m[AndroidUiautomator2Driver@23e1 (086c6710)]&amp#27;[0m 	at io.netty.channel.CombinedChannelDuplexHandler$DelegatingChannelHandlerContext.fireChannelRead(CombinedChannelDuplexHandler.java:435)
[debug] &amp#27;[38;5;32m[AndroidUiautomator2Driver@23e1 (086c6710)]&amp#27;[0m 	at io.netty.handler.codec.ByteToMessageDecoder.fireChannelRead(ByteToMessageDecoder.java:293)
[debug] &amp#27;[38;5;32m[AndroidUiautomator2Driver@23e1 (086c6710)]&amp#27;[0m 	at io.netty.handler.codec.ByteToMessageDecoder.channelRead(ByteToMessageDecoder.java:267)
[debug] &amp#27;[38;5;32m[AndroidUiautomator2Driver@23e1 (086c6710)]&amp#27;[0m 	at io.netty.channel.CombinedChannelDuplexHandler.channelRead(CombinedChannelDuplexHandler.java:250)
[debug] &amp#27;[38;5;32m[AndroidUiautomator2Driver@23e1 (086c6710)]&amp#27;[0m 	at io.netty.channel.AbstractChannelHandlerContext.invokeChannelRead(AbstractChannelHandlerContext.java:366)
[debug] &amp#27;[38;5;32m[AndroidUiautomator2Driver@23e1 (086c6710)]&amp#27;[0m 	at io.netty.channel.AbstractChannelHandlerContext.invokeChannelRead(AbstractChannelHandlerContext.java:352)
[debug] &amp#27;[38;5;32m[AndroidUiautomator2Driver@23e1 (086c6710)]&amp#27;[0m 	at io.netty.channel.AbstractChannelHandlerContext.fireChannelRead(AbstractChannelHandlerContext.java:345)
[debug] &amp#27;[38;5;32m[AndroidUiautomator2Driver@23e1 (086c6710)]&amp#27;[0m 	at io.netty.handler.timeout.IdleStateHandler.channelRead(IdleStateHandler.java:266)
[debug] &amp#27;[38;5;32m[AndroidUiautomator2Driver@23e1 (086c6710)]&amp#27;[0m 	at io.netty.channel.AbstractChannelHandlerContext.invokeChannelRead(AbstractChannelHandlerContext.java:366)
[debug] &amp#27;[38;5;32m[AndroidUiautomator2Driver@23e1 (086c6710)]&amp#27;[0m 	at io.netty.channel.AbstractChannelHandlerContext.invokeChannelRead(AbstractChannelHandlerContext.java:352)
[debug] &amp#27;[38;5;32m[AndroidUiautomator2Driver@23e1 (086c6710)]&amp#27;[0m 	at io.netty.channel.AbstractChannelHandlerContext.fireChannelRead(AbstractChannelHandlerContext.java:345)
[debug] &amp#27;[38;5;32m[AndroidUiautomator2Driver@23e1 (086c6710)]&amp#27;[0m 	at io.netty.channel.DefaultChannelPipeline$HeadContext.channelRead(DefaultChannelPipeline.java:1294)
[debug] &amp#27;[38;5;32m[AndroidUiautomator2Driver@23e1 (086c6710)]&amp#27;[0m 	at io.netty.channel.AbstractChannelHandlerContext.invokeChannelRead(AbstractChannelHandlerContext.java:366)
[debug] &amp#27;[38;5;32m[AndroidUiautomator2Driver@23e1 (086c6710)]&amp#27;[0m 	at io.netty.channel.AbstractChannelHandlerContext.invokeChannelRead(AbstractChannelHandlerContext.java:352)
[debug] &amp#27;[38;5;32m[AndroidUiautomator2Driver@23e1 (086c6710)]&amp#27;[0m 	at io.netty.channel.DefaultChannelPipeline.fireChannelRead(DefaultChannelPipeline.java:911)
[debug] &amp#27;[38;5;32m[AndroidUiautomator2Driver@23e1 (086c6710)]&amp#27;[0m 	at io.netty.channel.nio.AbstractNioByteChannel$NioByteUnsafe.read(AbstractNioByteChannel.java:131)
[debug] &amp#27;[38;5;32m[AndroidUiautomator2Driver@23e1 (086c6710)]&amp#27;[0m 	at io.netty.channel.nio.NioEventLoop.processSelectedKey(NioEventLoop.java:611)
[debug] &amp#27;[38;5;32m[AndroidUiautomator2Driver@23e1 (086c6710)]&amp#27;[0m 	at io.netty.channel.nio.NioEventLoop.processSelectedKeysOptimized(NioEventLoop.java:552)
[debug] &amp#27;[38;5;32m[AndroidUiautomator2Driver@23e1 (086c6710)]&amp#27;[0m 	at io.netty.channel.nio.NioEventLoop.processSelectedKeys(NioEventLoop.java:466)
[debug] &amp#27;[38;5;32m[AndroidUiautomator2Driver@23e1 (086c6710)]&amp#27;[0m 	at io.netty.channel.nio.NioEventLoop.run(NioEventLoop.java:438)
[debug] &amp#27;[38;5;32m[AndroidUiautomator2Driver@23e1 (086c6710)]&amp#27;[0m 	at io.netty.util.concurrent.SingleThreadEventExecutor$2.run(SingleThreadEventExecutor.java:140)
[debug] &amp#27;[38;5;32m[AndroidUiautomator2Driver@23e1 (086c6710)]&amp#27;[0m 	at io.netty.util.concurrent.DefaultThreadFactory$DefaultRunnableDecorator.run(DefaultThreadFactory.java:144)
[debug] &amp#27;[38;5;32m[AndroidUiautomator2Driver@23e1 (086c6710)]&amp#27;[0m 	at java.lang.Thread.run(Thread.java:1012)
[debug] &amp#27;[38;5;32m[AndroidUiautomator2Driver@23e1 (086c6710)]&amp#27;[0m 
&amp#27;[38;5;0m[HTTP]&amp#27;[0m &amp#27;[37m<-- POST /session/086c6710-42f2-4bfe-b25e-72ace85f5aff/element/00000000-0000-00e5-ffff-ffff00000024/click &amp#27;[39m&amp#27;[33m404&amp#27;[39m &amp#27;[90m1193 ms - 3917&amp#27;[39m
&amp#27;[38;5;0m[HTTP]&amp#27;[0m &amp#27;[90m&amp#27;[39m
&amp#27;[38;5;0m[HTTP]&amp#27;[0m &amp#27;[37m-->&amp#27;[39m &amp#27;[37mGET&amp#27;[39m &amp#27;[37m/session/086c6710-42f2-4bfe-b25e-72ace85f5aff/screenshot&amp#27;[39m
&amp#27;[38;5;0m[HTTP]&amp#27;[0m &amp#27;[90m{}&amp#27;[39m
[debug] &amp#27;[38;5;32m[AndroidUiautomator2Driver@23e1 (086c6710)]&amp#27;[0m Calling AppiumDriver.getScreenshot() with args: ["086c6710-42f2-4bfe-b25e-72ace85f5aff"]
[debug] &amp#27;[38;5;32m[AndroidUiautomator2Driver@23e1 (086c6710)]&amp#27;[0m Matched '/screenshot' to command name 'getScreenshot'
[debug] &amp#27;[38;5;32m[AndroidUiautomator2Driver@23e1 (086c6710)]&amp#27;[0m Proxying [GET /screenshot] to [GET http://127.0.0.1:8200/session/b4bdeba8-0662-434c-b8c5-9ecf4d35a4c7/screenshot] with no body
[debug] &amp#27;[38;5;32m[AndroidUiautomator2Driver@23e1 (086c6710)]&amp#27;[0m Got response with status 200: {"sessionId":"b4bdeba8-0662-434c-b8c5-9ecf4d35a4c7","value":"iVBORw0KGgoAAAANSUhEUgAABDgAAAisCAYAAACtR1KuAAAAAXNSR0IArs4c6QAAAARzQklUCAgICHwIZIgAACAASURBVHic7N13fFXl4T/wz3POPXdk7wABkgASpoAsFQciiLir1oF7VC3q12pb5aetWq22amutVq2l7oFbHKjIFBUBEQd77xESsscd55zn90fIbULuTe5N7sgJn/fr1Vdzz3ie59zcEzmf+wyRvvZKCSIiIiIiIiIiC1Pi3QAiIiIiIiIioo5iwEFERERERERElseAg4iIiIiIiIgsjwEHEREREREREVkeAw4iIiIiIiIisjwGHERERERERERkeQw4iIiIiIiIiMjyGHAQERERERERkeUx4CAiIiIiIiIiy2PAQURERERERESWx4CDiIiIiIiIiCyPAQcRERERERERWZ4t3g0gakpAoNCeg5szTscpSUPRW8tqsg+Qh37WpYENnr14p2oJZlZ8jTKjBtK/l4iIiIiIiI40In3tlXwqpLgSEHAIDY91uxIXph4Lu7BBQIR8vgmJaqMefy19H/8pm8egg4iIiIiI6AjEgIPiSoWCN3vdgVOShkAAYQUbh5OHoo3cddfCgBmxNsaCJlQkKA4kCAdGufrilMQhOClxELJtKVjn2Y0va9diUe0abPUWo8Z0w216LXeN1EBAQBMqNGGDQ9igHPrMSwAGTHikDz5pQJdGfBtKREREXV6amoiBjp7ItaUiS01BmpqACqMOpUYVivVKrPPsRoVRG+9mRtxQZ2+scu+MdzMoChhwUNwcn1CED/OnQ43wVDC37XsBr1Z8GdEyo0GFAoeiIVFxoJ+9OyYnDcPEpGHoa+8Gh2g5eswjffi+fis+rv4O39RtwB7fQdSZXvikDtPCvVaOcfXBvIL7wj7PhMQXNT/iuj3PoN70RqFlkSMgYBc2pKgJSFMSkG/PRg9bBvrYc5Cg...
[debug] &amp#27;[38;5;32m[AndroidUiautomator2Driver@23e1 (086c6710)]&amp#27;[0m Responding to client with driver.getScreenshot() result: "iVBORw0KGgoAAAANSUhEUgAABDgAAAisCAYAAACtR1KuAAAAAXNSR0IArs4c6QAAAARzQklUCAgICHwIZIgAACAASURBVHic7N13fFXl4T/wz3POPXdk7wABkgASpoAsFQciiLir1oF7VC3q12pb5aetWq22amutVq2l7oFbHKjIFBUBEQd77xESsscd55zn90fIbULuTe5N7sgJn/fr1Vdzz3ie59zcEzmf+wyRvvZKCSIiIiIiIiIiC1Pi3QAiIiIiIiIioo5iwEFERERERERElseAg4iIiIiIiIgsjwEHEREREREREVkeAw4iIiIiIiIisjwGHERERERERERkeQw4iIiIiIiIiMjyGHAQERERERERkeUx4CAiIiIiIiIiy2PAQURERERERESWx4CDiIiIiIiIiCyPAQcRERERERERWZ4t3g0gakpAoNCeg5szTscpSUPRW8tqsg+Qh37WpYENnr14p2oJZlZ8jTKjBtK/l4iIiIiIiI40In3tlXwqpLgSEHAIDY91uxIXph4Lu7BBQIR8vgmJaqMefy19H/8pm8egg4iIiIiI6AjEgIPiSoWCN3vdgVOShkAAYQUbh5OHoo3cddfCgBmxNsaCJlQkKA4kCAdGufrilMQhOClxELJtKVjn2Y0va9diUe0abPUWo8Z0w216LXeN1EBAQBMqNGGDQ9igHPrMSwAGTHikDz5pQJdGfBtKREREXV6amoiBjp7ItaUiS01BmpqACqMOpUYVivVKrPPsRoVRG+9mRtxQZ2+scu+MdzMoChhwUNwcn1CED/OnQ43wVDC37XsBr1Z8GdEyo0GFAoeiIVFxoJ+9OyYnDcPEpGHoa+8Gh2g5eswjffi+fis+rv4O39RtwB7fQdSZXvikDtPCvVaOcfXBvIL7wj7PhMQXNT/iuj3PoN70RqFlkSMgYBc2pKgJSFMSkG/PRg9bBvrYc5CgOAAAppQoN2uxxbMf+/Ry7PKVotqsR7XpZthBREREETHcWYCTEwfjxMSBGOLo...
&amp#27;[38;5;0m[HTTP]&amp#27;[0m &amp#27;[37m<-- GET /session/086c6710-42f2-4bfe-b25e-72ace85f5aff/screenshot &amp#27;[39m&amp#27;[32m200&amp#27;[39m &amp#27;[90m645 ms - 619908&amp#27;[39m
&amp#27;[38;5;0m[HTTP]&amp#27;[0m &amp#27;[90m&amp#27;[39m
]]></system-out>
    <system-err><![CDATA[SLF4J(W): No SLF4J providers were found.
SLF4J(W): Defaulting to no-operation (NOP) logger implementation
SLF4J(W): See https://www.slf4j.org/codes.html#noProviders for further details.
]]></system-err>
  </testcase>
  <testcase name="Test[{name=gupta vishal, countryName=Bhutan, gender=male, productName=Jordan Lift Off}](2)" classname="Appium.practice.Endtoend" time="22.528">
    <system-out><![CDATA[&amp#27;[38;5;0m[HTTP]&amp#27;[0m &amp#27;[37m-->&amp#27;[39m &amp#27;[37mPOST&amp#27;[39m &amp#27;[37m/session/086c6710-42f2-4bfe-b25e-72ace85f5aff/execute/sync&amp#27;[39m
&amp#27;[38;5;0m[HTTP]&amp#27;[0m &amp#27;[90m{"args":[{"intent":"com.androidsample.generalstore/com.androidsample.generalstore.MainActivity"}],"script":"mobile: startActivity"}&amp#27;[39m
[debug] &amp#27;[38;5;32m[AndroidUiautomator2Driver@23e1 (086c6710)]&amp#27;[0m Calling AppiumDriver.execute() with args: ["mobile: startActivity",[{"intent":"com.androidsample.generalstore/com.androidsample.generalstore.MainActivity"}],"086c6710-42f2-4bfe-b25e-72ace85f5aff"]
&amp#27;[38;5;32m[AndroidUiautomator2Driver@23e1 (086c6710)]&amp#27;[0m Executing method 'mobile: startActivity'
[debug] &amp#27;[38;5;48m[ADB]&amp#27;[0m Running 'C:\Users\visha\AppData\Local\Android\Sdk\platform-tools\adb.exe -P 5037 -s emulator-5554 shell am start-activity com.androidsample.generalstore/com.androidsample.generalstore.MainActivity'
[debug] &amp#27;[38;5;32m[AndroidUiautomator2Driver@23e1 (086c6710)]&amp#27;[0m Responding to client with driver.execute() result: "Starting: Intent { act=android.intent.action.MAIN cat=[android.intent.category.LAUNCHER] cmp=com.androidsample.generalstore/.MainActivity }"
&amp#27;[38;5;0m[HTTP]&amp#27;[0m &amp#27;[37m<-- POST /session/086c6710-42f2-4bfe-b25e-72ace85f5aff/execute/sync &amp#27;[39m&amp#27;[32m200&amp#27;[39m &amp#27;[90m95 ms - 151&amp#27;[39m
&amp#27;[38;5;0m[HTTP]&amp#27;[0m &amp#27;[90m&amp#27;[39m
&amp#27;[38;5;0m[HTTP]&amp#27;[0m &amp#27;[37m-->&amp#27;[39m &amp#27;[37mPOST&amp#27;[39m &amp#27;[37m/session/086c6710-42f2-4bfe-b25e-72ace85f5aff/timeouts&amp#27;[39m
&amp#27;[38;5;0m[HTTP]&amp#27;[0m &amp#27;[90m{"implicit":10000}&amp#27;[39m
[debug] &amp#27;[38;5;32m[AndroidUiautomator2Driver@23e1 (086c6710)]&amp#27;[0m Calling AppiumDriver.timeouts() with args: [null,null,null,null,10000,"086c6710-42f2-4bfe-b25e-72ace85f5aff"]
[debug] &amp#27;[38;5;32m[AndroidUiautomator2Driver@23e1 (086c6710)]&amp#27;[0m W3C timeout argument: {"implicit":10000}}
[debug] &amp#27;[38;5;32m[AndroidUiautomator2Driver@23e1 (086c6710)]&amp#27;[0m Set implicit wait to 10000ms
[debug] &amp#27;[38;5;32m[AndroidUiautomator2Driver@23e1 (086c6710)]&amp#27;[0m Responding to client with driver.timeouts() result: null
&amp#27;[38;5;0m[HTTP]&amp#27;[0m &amp#27;[37m<-- POST /session/086c6710-42f2-4bfe-b25e-72ace85f5aff/timeouts &amp#27;[39m&amp#27;[32m200&amp#27;[39m &amp#27;[90m2 ms - 14&amp#27;[39m
&amp#27;[38;5;0m[HTTP]&amp#27;[0m &amp#27;[90m&amp#27;[39m
&amp#27;[38;5;0m[HTTP]&amp#27;[0m &amp#27;[37m-->&amp#27;[39m &amp#27;[37mGET&amp#27;[39m &amp#27;[37m/session/086c6710-42f2-4bfe-b25e-72ace85f5aff/context&amp#27;[39m
&amp#27;[38;5;0m[HTTP]&amp#27;[0m &amp#27;[90m{}&amp#27;[39m
[debug] &amp#27;[38;5;32m[AndroidUiautomator2Driver@23e1 (086c6710)]&amp#27;[0m Calling AppiumDriver.getCurrentContext() with args: ["086c6710-42f2-4bfe-b25e-72ace85f5aff"]
[debug] &amp#27;[38;5;32m[AndroidUiautomator2Driver@23e1 (086c6710)]&amp#27;[0m Responding to client with driver.getCurrentContext() result: "NATIVE_APP"
&amp#27;[38;5;0m[HTTP]&amp#27;[0m &amp#27;[37m<-- GET /session/086c6710-42f2-4bfe-b25e-72ace85f5aff/context &amp#27;[39m&amp#27;[32m200&amp#27;[39m &amp#27;[90m2 ms - 22&amp#27;[39m
&amp#27;[38;5;0m[HTTP]&amp#27;[0m &amp#27;[90m&amp#27;[39m
&amp#27;[38;5;0m[HTTP]&amp#27;[0m &amp#27;[37m-->&amp#27;[39m &amp#27;[37mPOST&amp#27;[39m &amp#27;[37m/session/086c6710-42f2-4bfe-b25e-72ace85f5aff/element&amp#27;[39m
&amp#27;[38;5;0m[HTTP]&amp#27;[0m &amp#27;[90m{"value":"android:id/text1","using":"id"}&amp#27;[39m
[debug] &amp#27;[38;5;32m[AndroidUiautomator2Driver@23e1 (086c6710)]&amp#27;[0m Calling AppiumDriver.findElement() with args: ["id","android:id/text1","086c6710-42f2-4bfe-b25e-72ace85f5aff"]
[debug] &amp#27;[38;5;32m[AndroidUiautomator2Driver@23e1 (086c6710)]&amp#27;[0m Valid locator strategies for this request: xpath, id, class name, accessibility id, css selector, -android uiautomator
[debug] &amp#27;[38;5;32m[AndroidUiautomator2Driver@23e1 (086c6710)]&amp#27;[0m Waiting up to 10000 ms for condition
[debug] &amp#27;[38;5;32m[AndroidUiautomator2Driver@23e1 (086c6710)]&amp#27;[0m Matched '/element' to command name 'findElement'
[debug] &amp#27;[38;5;32m[AndroidUiautomator2Driver@23e1 (086c6710)]&amp#27;[0m Proxying [POST /element] to [POST http://127.0.0.1:8200/session/b4bdeba8-0662-434c-b8c5-9ecf4d35a4c7/element] with body: {"strategy":"id","selector":"android:id/text1","context":"","multiple":false}
&amp#27;[38;5;32m[AndroidUiautomator2Driver@23e1 (086c6710)]&amp#27;[0m Got response with status 404: {"sessionId":"b4bdeba8-0662-434c-b8c5-9ecf4d35a4c7","value":{"error":"no such element","message":"An element could not be located on the page using the given search parameters","stacktrace":"io.appium.uiautomator2.common.exceptions.ElementNotFoundException: An element could not be located on the page using the given search parameters\n\tat io.appium.uiautomator2.handler.FindElement.safeHandle(FindElement.java:63)\n\tat io.appium.uiautomator2.handler.request.SafeRequestHandler.handle(SafeRequestHandler.java:59)\n\tat io.appium.uiautomator2.server.AppiumServlet.handleRequest(AppiumServlet.java:259)\n\tat io.appium.uiautomator2.server.AppiumServlet.handleHttpRequest(AppiumServlet.java:253)\n\tat io.appium.uiautomator2.http.ServerHandler.channelRead(ServerHandler.java:77)\n\tat io.netty.channel.AbstractChannelHandlerContext.invokeChannelRead(AbstractChannelHandlerContext.java:366)\n\tat io.netty.channel.AbstractChannelHandlerContext.invokeChannelRead(AbstractChannelHandlerContext.java:352)\n\tat io.netty.chann...
[debug] &amp#27;[38;5;112m[W3C]&amp#27;[0m Matched W3C error code 'no such element' to NoSuchElementError
[debug] &amp#27;[38;5;32m[AndroidUiautomator2Driver@23e1 (086c6710)]&amp#27;[0m Waited for 196 ms so far
[debug] &amp#27;[38;5;32m[AndroidUiautomator2Driver@23e1 (086c6710)]&amp#27;[0m Matched '/element' to command name 'findElement'
[debug] &amp#27;[38;5;32m[AndroidUiautomator2Driver@23e1 (086c6710)]&amp#27;[0m Proxying [POST /element] to [POST http://127.0.0.1:8200/session/b4bdeba8-0662-434c-b8c5-9ecf4d35a4c7/element] with body: {"strategy":"id","selector":"android:id/text1","context":"","multiple":false}
[debug] &amp#27;[38;5;32m[AndroidUiautomator2Driver@23e1 (086c6710)]&amp#27;[0m Got response with status 200: {"sessionId":"b4bdeba8-0662-434c-b8c5-9ecf4d35a4c7","value":{"ELEMENT":"00000000-0000-00e7-ffff-ffff0000005e","element-6066-11e4-a52e-4f735466cecf":"00000000-0000-00e7-ffff-ffff0000005e"}}
[debug] &amp#27;[38;5;32m[AndroidUiautomator2Driver@23e1 (086c6710)]&amp#27;[0m Responding to client with driver.findElement() result: {"element-6066-11e4-a52e-4f735466cecf":"00000000-0000-00e7-ffff-ffff0000005e","ELEMENT":"00000000-0000-00e7-ffff-ffff0000005e"}
&amp#27;[38;5;0m[HTTP]&amp#27;[0m &amp#27;[37m<-- POST /session/086c6710-42f2-4bfe-b25e-72ace85f5aff/element &amp#27;[39m&amp#27;[32m200&amp#27;[39m &amp#27;[90m1343 ms - 137&amp#27;[39m
&amp#27;[38;5;0m[HTTP]&amp#27;[0m &amp#27;[90m&amp#27;[39m
&amp#27;[38;5;0m[HTTP]&amp#27;[0m &amp#27;[37m-->&amp#27;[39m &amp#27;[37mPOST&amp#27;[39m &amp#27;[37m/session/086c6710-42f2-4bfe-b25e-72ace85f5aff/element/00000000-0000-00e7-ffff-ffff0000005e/click&amp#27;[39m
&amp#27;[38;5;0m[HTTP]&amp#27;[0m &amp#27;[90m{"id":"00000000-0000-00e7-ffff-ffff0000005e"}&amp#27;[39m
[debug] &amp#27;[38;5;32m[AndroidUiautomator2Driver@23e1 (086c6710)]&amp#27;[0m Calling AppiumDriver.click() with args: ["00000000-0000-00e7-ffff-ffff0000005e","086c6710-42f2-4bfe-b25e-72ace85f5aff"]
[debug] &amp#27;[38;5;32m[AndroidUiautomator2Driver@23e1 (086c6710)]&amp#27;[0m Matched '/element/00000000-0000-00e7-ffff-ffff0000005e/click' to command name 'click'
[debug] &amp#27;[38;5;32m[AndroidUiautomator2Driver@23e1 (086c6710)]&amp#27;[0m Proxying [POST /element/00000000-0000-00e7-ffff-ffff0000005e/click] to [POST http://127.0.0.1:8200/session/b4bdeba8-0662-434c-b8c5-9ecf4d35a4c7/element/00000000-0000-00e7-ffff-ffff0000005e/click] with body: {"element":"00000000-0000-00e7-ffff-ffff0000005e"}
[debug] &amp#27;[38;5;32m[AndroidUiautomator2Driver@23e1 (086c6710)]&amp#27;[0m Got response with status 200: {"sessionId":"b4bdeba8-0662-434c-b8c5-9ecf4d35a4c7","value":null}
[debug] &amp#27;[38;5;32m[AndroidUiautomator2Driver@23e1 (086c6710)]&amp#27;[0m Responding to client with driver.click() result: null
&amp#27;[38;5;0m[HTTP]&amp#27;[0m &amp#27;[37m<-- POST /session/086c6710-42f2-4bfe-b25e-72ace85f5aff/element/00000000-0000-00e7-ffff-ffff0000005e/click &amp#27;[39m&amp#27;[32m200&amp#27;[39m &amp#27;[90m91 ms - 14&amp#27;[39m
&amp#27;[38;5;0m[HTTP]&amp#27;[0m &amp#27;[90m&amp#27;[39m
&amp#27;[38;5;0m[HTTP]&amp#27;[0m &amp#27;[37m-->&amp#27;[39m &amp#27;[37mPOST&amp#27;[39m &amp#27;[37m/session/086c6710-42f2-4bfe-b25e-72ace85f5aff/element&amp#27;[39m
&amp#27;[38;5;0m[HTTP]&amp#27;[0m &amp#27;[90m{"value":"new UiScrollable(new UiSelector()).scrollIntoView(text(\"Bhutan\"));","using":"-android uiautomator"}&amp#27;[39m
[debug] &amp#27;[38;5;32m[AndroidUiautomator2Driver@23e1 (086c6710)]&amp#27;[0m Calling AppiumDriver.findElement() with args: ["-android uiautomator","new UiScrollable(new UiSelector()).scrollIntoView(text(\"Bhutan\"));","086c6710-42f2-4bfe-b25e-72ace85f5aff"]
[debug] &amp#27;[38;5;32m[AndroidUiautomator2Driver@23e1 (086c6710)]&amp#27;[0m Valid locator strategies for this request: xpath, id, class name, accessibility id, css selector, -android uiautomator
[debug] &amp#27;[38;5;32m[AndroidUiautomator2Driver@23e1 (086c6710)]&amp#27;[0m Waiting up to 10000 ms for condition
[debug] &amp#27;[38;5;32m[AndroidUiautomator2Driver@23e1 (086c6710)]&amp#27;[0m Matched '/element' to command name 'findElement'
[debug] &amp#27;[38;5;32m[AndroidUiautomator2Driver@23e1 (086c6710)]&amp#27;[0m Proxying [POST /element] to [POST http://127.0.0.1:8200/session/b4bdeba8-0662-434c-b8c5-9ecf4d35a4c7/element] with body: {"strategy":"-android uiautomator","selector":"new UiScrollable(new UiSelector()).scrollIntoView(text(\"Bhutan\"));","context":"","multiple":false}
[debug] &amp#27;[38;5;32m[AndroidUiautomator2Driver@23e1 (086c6710)]&amp#27;[0m Got response with status 200: {"sessionId":"b4bdeba8-0662-434c-b8c5-9ecf4d35a4c7","value":{"ELEMENT":"00000000-0000-00e8-ffff-ffff00000067","element-6066-11e4-a52e-4f735466cecf":"00000000-0000-00e8-ffff-ffff00000067"}}
[debug] &amp#27;[38;5;32m[AndroidUiautomator2Driver@23e1 (086c6710)]&amp#27;[0m Responding to client with driver.findElement() result: {"element-6066-11e4-a52e-4f735466cecf":"00000000-0000-00e8-ffff-ffff00000067","ELEMENT":"00000000-0000-00e8-ffff-ffff00000067"}
&amp#27;[38;5;0m[HTTP]&amp#27;[0m &amp#27;[37m<-- POST /session/086c6710-42f2-4bfe-b25e-72ace85f5aff/element &amp#27;[39m&amp#27;[32m200&amp#27;[39m &amp#27;[90m8049 ms - 137&amp#27;[39m
&amp#27;[38;5;0m[HTTP]&amp#27;[0m &amp#27;[90m&amp#27;[39m
&amp#27;[38;5;0m[HTTP]&amp#27;[0m &amp#27;[37m-->&amp#27;[39m &amp#27;[37mPOST&amp#27;[39m &amp#27;[37m/session/086c6710-42f2-4bfe-b25e-72ace85f5aff/element&amp#27;[39m
&amp#27;[38;5;0m[HTTP]&amp#27;[0m &amp#27;[90m{"value":"//android.widget.TextView[@text='Bhutan']","using":"xpath"}&amp#27;[39m
[debug] &amp#27;[38;5;32m[AndroidUiautomator2Driver@23e1 (086c6710)]&amp#27;[0m Calling AppiumDriver.findElement() with args: ["xpath","//android.widget.TextView[@text='Bhutan']","086c6710-42f2-4bfe-b25e-72ace85f5aff"]
[debug] &amp#27;[38;5;32m[AndroidUiautomator2Driver@23e1 (086c6710)]&amp#27;[0m Valid locator strategies for this request: xpath, id, class name, accessibility id, css selector, -android uiautomator
[debug] &amp#27;[38;5;32m[AndroidUiautomator2Driver@23e1 (086c6710)]&amp#27;[0m Waiting up to 10000 ms for condition
[debug] &amp#27;[38;5;32m[AndroidUiautomator2Driver@23e1 (086c6710)]&amp#27;[0m Matched '/element' to command name 'findElement'
[debug] &amp#27;[38;5;32m[AndroidUiautomator2Driver@23e1 (086c6710)]&amp#27;[0m Proxying [POST /element] to [POST http://127.0.0.1:8200/session/b4bdeba8-0662-434c-b8c5-9ecf4d35a4c7/element] with body: {"strategy":"xpath","selector":"//android.widget.TextView[@text='Bhutan']","context":"","multiple":false}
[debug] &amp#27;[38;5;32m[AndroidUiautomator2Driver@23e1 (086c6710)]&amp#27;[0m Got response with status 200: {"sessionId":"b4bdeba8-0662-434c-b8c5-9ecf4d35a4c7","value":{"ELEMENT":"00000000-0000-00e8-ffff-ffff00000067","element-6066-11e4-a52e-4f735466cecf":"00000000-0000-00e8-ffff-ffff00000067"}}
[debug] &amp#27;[38;5;32m[AndroidUiautomator2Driver@23e1 (086c6710)]&amp#27;[0m Responding to client with driver.findElement() result: {"element-6066-11e4-a52e-4f735466cecf":"00000000-0000-00e8-ffff-ffff00000067","ELEMENT":"00000000-0000-00e8-ffff-ffff00000067"}
&amp#27;[38;5;0m[HTTP]&amp#27;[0m &amp#27;[37m<-- POST /session/086c6710-42f2-4bfe-b25e-72ace85f5aff/element &amp#27;[39m&amp#27;[32m200&amp#27;[39m &amp#27;[90m703 ms - 137&amp#27;[39m
&amp#27;[38;5;0m[HTTP]&amp#27;[0m &amp#27;[90m&amp#27;[39m
&amp#27;[38;5;0m[HTTP]&amp#27;[0m &amp#27;[37m-->&amp#27;[39m &amp#27;[37mPOST&amp#27;[39m &amp#27;[37m/session/086c6710-42f2-4bfe-b25e-72ace85f5aff/element/00000000-0000-00e8-ffff-ffff00000067/click&amp#27;[39m
&amp#27;[38;5;0m[HTTP]&amp#27;[0m &amp#27;[90m{"id":"00000000-0000-00e8-ffff-ffff00000067"}&amp#27;[39m
[debug] &amp#27;[38;5;32m[AndroidUiautomator2Driver@23e1 (086c6710)]&amp#27;[0m Calling AppiumDriver.click() with args: ["00000000-0000-00e8-ffff-ffff00000067","086c6710-42f2-4bfe-b25e-72ace85f5aff"]
[debug] &amp#27;[38;5;32m[AndroidUiautomator2Driver@23e1 (086c6710)]&amp#27;[0m Matched '/element/00000000-0000-00e8-ffff-ffff00000067/click' to command name 'click'
[debug] &amp#27;[38;5;32m[AndroidUiautomator2Driver@23e1 (086c6710)]&amp#27;[0m Proxying [POST /element/00000000-0000-00e8-ffff-ffff00000067/click] to [POST http://127.0.0.1:8200/session/b4bdeba8-0662-434c-b8c5-9ecf4d35a4c7/element/00000000-0000-00e8-ffff-ffff00000067/click] with body: {"element":"00000000-0000-00e8-ffff-ffff00000067"}
[debug] &amp#27;[38;5;32m[AndroidUiautomator2Driver@23e1 (086c6710)]&amp#27;[0m Got response with status 200: {"sessionId":"b4bdeba8-0662-434c-b8c5-9ecf4d35a4c7","value":null}
[debug] &amp#27;[38;5;32m[AndroidUiautomator2Driver@23e1 (086c6710)]&amp#27;[0m Responding to client with driver.click() result: null
&amp#27;[38;5;0m[HTTP]&amp#27;[0m &amp#27;[37m<-- POST /session/086c6710-42f2-4bfe-b25e-72ace85f5aff/element/00000000-0000-00e8-ffff-ffff00000067/click &amp#27;[39m&amp#27;[32m200&amp#27;[39m &amp#27;[90m696 ms - 14&amp#27;[39m
&amp#27;[38;5;0m[HTTP]&amp#27;[0m &amp#27;[90m&amp#27;[39m
&amp#27;[38;5;0m[HTTP]&amp#27;[0m &amp#27;[37m-->&amp#27;[39m &amp#27;[37mGET&amp#27;[39m &amp#27;[37m/session/086c6710-42f2-4bfe-b25e-72ace85f5aff/context&amp#27;[39m
&amp#27;[38;5;0m[HTTP]&amp#27;[0m &amp#27;[90m{}&amp#27;[39m
[debug] &amp#27;[38;5;32m[AndroidUiautomator2Driver@23e1 (086c6710)]&amp#27;[0m Calling AppiumDriver.getCurrentContext() with args: ["086c6710-42f2-4bfe-b25e-72ace85f5aff"]
[debug] &amp#27;[38;5;32m[AndroidUiautomator2Driver@23e1 (086c6710)]&amp#27;[0m Responding to client with driver.getCurrentContext() result: "NATIVE_APP"
&amp#27;[38;5;0m[HTTP]&amp#27;[0m &amp#27;[37m<-- GET /session/086c6710-42f2-4bfe-b25e-72ace85f5aff/context &amp#27;[39m&amp#27;[32m200&amp#27;[39m &amp#27;[90m1 ms - 22&amp#27;[39m
&amp#27;[38;5;0m[HTTP]&amp#27;[0m &amp#27;[90m&amp#27;[39m
&amp#27;[38;5;0m[HTTP]&amp#27;[0m &amp#27;[37m-->&amp#27;[39m &amp#27;[37mPOST&amp#27;[39m &amp#27;[37m/session/086c6710-42f2-4bfe-b25e-72ace85f5aff/element&amp#27;[39m
&amp#27;[38;5;0m[HTTP]&amp#27;[0m &amp#27;[90m{"value":"com.androidsample.generalstore:id/nameField","using":"id"}&amp#27;[39m
[debug] &amp#27;[38;5;32m[AndroidUiautomator2Driver@23e1 (086c6710)]&amp#27;[0m Calling AppiumDriver.findElement() with args: ["id","com.androidsample.generalstore:id/nameField","086c6710-42f2-4bfe-b25e-72ace85f5aff"]
[debug] &amp#27;[38;5;32m[AndroidUiautomator2Driver@23e1 (086c6710)]&amp#27;[0m Valid locator strategies for this request: xpath, id, class name, accessibility id, css selector, -android uiautomator
[debug] &amp#27;[38;5;32m[AndroidUiautomator2Driver@23e1 (086c6710)]&amp#27;[0m Waiting up to 10000 ms for condition
[debug] &amp#27;[38;5;32m[AndroidUiautomator2Driver@23e1 (086c6710)]&amp#27;[0m Matched '/element' to command name 'findElement'
[debug] &amp#27;[38;5;32m[AndroidUiautomator2Driver@23e1 (086c6710)]&amp#27;[0m Proxying [POST /element] to [POST http://127.0.0.1:8200/session/b4bdeba8-0662-434c-b8c5-9ecf4d35a4c7/element] with body: {"strategy":"id","selector":"com.androidsample.generalstore:id/nameField","context":"","multiple":false}
[debug] &amp#27;[38;5;32m[AndroidUiautomator2Driver@23e1 (086c6710)]&amp#27;[0m Got response with status 200: {"sessionId":"b4bdeba8-0662-434c-b8c5-9ecf4d35a4c7","value":{"ELEMENT":"00000000-0000-00e7-ffff-ffff00000056","element-6066-11e4-a52e-4f735466cecf":"00000000-0000-00e7-ffff-ffff00000056"}}
[debug] &amp#27;[38;5;32m[AndroidUiautomator2Driver@23e1 (086c6710)]&amp#27;[0m Responding to client with driver.findElement() result: {"element-6066-11e4-a52e-4f735466cecf":"00000000-0000-00e7-ffff-ffff00000056","ELEMENT":"00000000-0000-00e7-ffff-ffff00000056"}
&amp#27;[38;5;0m[HTTP]&amp#27;[0m &amp#27;[37m<-- POST /session/086c6710-42f2-4bfe-b25e-72ace85f5aff/element &amp#27;[39m&amp#27;[32m200&amp#27;[39m &amp#27;[90m44 ms - 137&amp#27;[39m
&amp#27;[38;5;0m[HTTP]&amp#27;[0m &amp#27;[90m&amp#27;[39m
&amp#27;[38;5;0m[HTTP]&amp#27;[0m &amp#27;[37m-->&amp#27;[39m &amp#27;[37mPOST&amp#27;[39m &amp#27;[37m/session/086c6710-42f2-4bfe-b25e-72ace85f5aff/element/00000000-0000-00e7-ffff-ffff00000056/value&amp#27;[39m
&amp#27;[38;5;0m[HTTP]&amp#27;[0m &amp#27;[90m{"value":["g","u","p","t","a"," ","v","i","s","h","a","l"],"id":"00000000-0000-00e7-ffff-ffff00000056","text":"gupta vishal"}&amp#27;[39m
[debug] &amp#27;[38;5;32m[AndroidUiautomator2Driver@23e1 (086c6710)]&amp#27;[0m Calling AppiumDriver.setValue() with args: [["g","u","p","t","a"," ","v","i","s","h","a","l"],"00000000-0000-00e7-ffff-ffff00000056","086c6710-42f2-4bfe-b25e-72ace85f5aff"]
[debug] &amp#27;[38;5;32m[AndroidUiautomator2Driver@23e1 (086c6710)]&amp#27;[0m Matched '/element/00000000-0000-00e7-ffff-ffff00000056/value' to command name 'setValue'
[debug] &amp#27;[38;5;32m[AndroidUiautomator2Driver@23e1 (086c6710)]&amp#27;[0m Added 'value' property ["g","u","p","t","a"," ","v","i","s","h","a","l"] to 'setValue' request body
[debug] &amp#27;[38;5;32m[AndroidUiautomator2Driver@23e1 (086c6710)]&amp#27;[0m Proxying [POST /element/00000000-0000-00e7-ffff-ffff00000056/value] to [POST http://127.0.0.1:8200/session/b4bdeba8-0662-434c-b8c5-9ecf4d35a4c7/element/00000000-0000-00e7-ffff-ffff00000056/value] with body: {"elementId":"00000000-0000-00e7-ffff-ffff00000056","text":"gupta vishal","replace":false,"value":["g","u","p","t","a"," ","v","i","s","h","a","l"]}
[debug] &amp#27;[38;5;32m[AndroidUiautomator2Driver@23e1 (086c6710)]&amp#27;[0m Got response with status 200: {"sessionId":"b4bdeba8-0662-434c-b8c5-9ecf4d35a4c7","value":null}
[debug] &amp#27;[38;5;32m[AndroidUiautomator2Driver@23e1 (086c6710)]&amp#27;[0m Responding to client with driver.setValue() result: null
&amp#27;[38;5;0m[HTTP]&amp#27;[0m &amp#27;[37m<-- POST /session/086c6710-42f2-4bfe-b25e-72ace85f5aff/element/00000000-0000-00e7-ffff-ffff00000056/value &amp#27;[39m&amp#27;[32m200&amp#27;[39m &amp#27;[90m553 ms - 14&amp#27;[39m
&amp#27;[38;5;0m[HTTP]&amp#27;[0m &amp#27;[90m&amp#27;[39m
&amp#27;[38;5;0m[HTTP]&amp#27;[0m &amp#27;[37m-->&amp#27;[39m &amp#27;[37mPOST&amp#27;[39m &amp#27;[37m/session/086c6710-42f2-4bfe-b25e-72ace85f5aff/execute/sync&amp#27;[39m
&amp#27;[38;5;0m[HTTP]&amp#27;[0m &amp#27;[90m{"args":[],"script":"mobile: hideKeyboard"}&amp#27;[39m
[debug] &amp#27;[38;5;32m[AndroidUiautomator2Driver@23e1 (086c6710)]&amp#27;[0m Calling AppiumDriver.execute() with args: ["mobile: hideKeyboard",[],"086c6710-42f2-4bfe-b25e-72ace85f5aff"]
&amp#27;[38;5;32m[AndroidUiautomator2Driver@23e1 (086c6710)]&amp#27;[0m Executing method 'mobile: hideKeyboard'
[debug] &amp#27;[38;5;48m[ADB]&amp#27;[0m Running 'C:\Users\visha\AppData\Local\Android\Sdk\platform-tools\adb.exe -P 5037 -s emulator-5554 shell dumpsys input_method'
&amp#27;[38;5;48m[ADB]&amp#27;[0m Keyboard has no UI; no closing necessary
[debug] &amp#27;[38;5;32m[AndroidUiautomator2Driver@23e1 (086c6710)]&amp#27;[0m Responding to client with driver.execute() result: false
&amp#27;[38;5;0m[HTTP]&amp#27;[0m &amp#27;[37m<-- POST /session/086c6710-42f2-4bfe-b25e-72ace85f5aff/execute/sync &amp#27;[39m&amp#27;[32m200&amp#27;[39m &amp#27;[90m306 ms - 15&amp#27;[39m
&amp#27;[38;5;0m[HTTP]&amp#27;[0m &amp#27;[90m&amp#27;[39m
&amp#27;[38;5;0m[HTTP]&amp#27;[0m &amp#27;[37m-->&amp#27;[39m &amp#27;[37mGET&amp#27;[39m &amp#27;[37m/session/086c6710-42f2-4bfe-b25e-72ace85f5aff/context&amp#27;[39m
&amp#27;[38;5;0m[HTTP]&amp#27;[0m &amp#27;[90m{}&amp#27;[39m
[debug] &amp#27;[38;5;32m[AndroidUiautomator2Driver@23e1 (086c6710)]&amp#27;[0m Calling AppiumDriver.getCurrentContext() with args: ["086c6710-42f2-4bfe-b25e-72ace85f5aff"]
[debug] &amp#27;[38;5;32m[AndroidUiautomator2Driver@23e1 (086c6710)]&amp#27;[0m Responding to client with driver.getCurrentContext() result: "NATIVE_APP"
&amp#27;[38;5;0m[HTTP]&amp#27;[0m &amp#27;[37m<-- GET /session/086c6710-42f2-4bfe-b25e-72ace85f5aff/context &amp#27;[39m&amp#27;[32m200&amp#27;[39m &amp#27;[90m2 ms - 22&amp#27;[39m
&amp#27;[38;5;0m[HTTP]&amp#27;[0m &amp#27;[90m&amp#27;[39m
&amp#27;[38;5;0m[HTTP]&amp#27;[0m &amp#27;[37m-->&amp#27;[39m &amp#27;[37mPOST&amp#27;[39m &amp#27;[37m/session/086c6710-42f2-4bfe-b25e-72ace85f5aff/element&amp#27;[39m
&amp#27;[38;5;0m[HTTP]&amp#27;[0m &amp#27;[90m{"value":"com.androidsample.generalstore:id/radioMale","using":"id"}&amp#27;[39m
[debug] &amp#27;[38;5;32m[AndroidUiautomator2Driver@23e1 (086c6710)]&amp#27;[0m Calling AppiumDriver.findElement() with args: ["id","com.androidsample.generalstore:id/radioMale","086c6710-42f2-4bfe-b25e-72ace85f5aff"]
[debug] &amp#27;[38;5;32m[AndroidUiautomator2Driver@23e1 (086c6710)]&amp#27;[0m Valid locator strategies for this request: xpath, id, class name, accessibility id, css selector, -android uiautomator
[debug] &amp#27;[38;5;32m[AndroidUiautomator2Driver@23e1 (086c6710)]&amp#27;[0m Waiting up to 10000 ms for condition
[debug] &amp#27;[38;5;32m[AndroidUiautomator2Driver@23e1 (086c6710)]&amp#27;[0m Matched '/element' to command name 'findElement'
[debug] &amp#27;[38;5;32m[AndroidUiautomator2Driver@23e1 (086c6710)]&amp#27;[0m Proxying [POST /element] to [POST http://127.0.0.1:8200/session/b4bdeba8-0662-434c-b8c5-9ecf4d35a4c7/element] with body: {"strategy":"id","selector":"com.androidsample.generalstore:id/radioMale","context":"","multiple":false}
[debug] &amp#27;[38;5;32m[AndroidUiautomator2Driver@23e1 (086c6710)]&amp#27;[0m Got response with status 200: {"sessionId":"b4bdeba8-0662-434c-b8c5-9ecf4d35a4c7","value":{"ELEMENT":"00000000-0000-00e7-ffff-ffff00000059","element-6066-11e4-a52e-4f735466cecf":"00000000-0000-00e7-ffff-ffff00000059"}}
[debug] &amp#27;[38;5;32m[AndroidUiautomator2Driver@23e1 (086c6710)]&amp#27;[0m Responding to client with driver.findElement() result: {"element-6066-11e4-a52e-4f735466cecf":"00000000-0000-00e7-ffff-ffff00000059","ELEMENT":"00000000-0000-00e7-ffff-ffff00000059"}
&amp#27;[38;5;0m[HTTP]&amp#27;[0m &amp#27;[37m<-- POST /session/086c6710-42f2-4bfe-b25e-72ace85f5aff/element &amp#27;[39m&amp#27;[32m200&amp#27;[39m &amp#27;[90m204 ms - 137&amp#27;[39m
&amp#27;[38;5;0m[HTTP]&amp#27;[0m &amp#27;[90m&amp#27;[39m
&amp#27;[38;5;0m[HTTP]&amp#27;[0m &amp#27;[37m-->&amp#27;[39m &amp#27;[37mPOST&amp#27;[39m &amp#27;[37m/session/086c6710-42f2-4bfe-b25e-72ace85f5aff/element/00000000-0000-00e7-ffff-ffff00000059/click&amp#27;[39m
&amp#27;[38;5;0m[HTTP]&amp#27;[0m &amp#27;[90m{"id":"00000000-0000-00e7-ffff-ffff00000059"}&amp#27;[39m
[debug] &amp#27;[38;5;32m[AndroidUiautomator2Driver@23e1 (086c6710)]&amp#27;[0m Calling AppiumDriver.click() with args: ["00000000-0000-00e7-ffff-ffff00000059","086c6710-42f2-4bfe-b25e-72ace85f5aff"]
[debug] &amp#27;[38;5;32m[AndroidUiautomator2Driver@23e1 (086c6710)]&amp#27;[0m Matched '/element/00000000-0000-00e7-ffff-ffff00000059/click' to command name 'click'
[debug] &amp#27;[38;5;32m[AndroidUiautomator2Driver@23e1 (086c6710)]&amp#27;[0m Proxying [POST /element/00000000-0000-00e7-ffff-ffff00000059/click] to [POST http://127.0.0.1:8200/session/b4bdeba8-0662-434c-b8c5-9ecf4d35a4c7/element/00000000-0000-00e7-ffff-ffff00000059/click] with body: {"element":"00000000-0000-00e7-ffff-ffff00000059"}
[debug] &amp#27;[38;5;32m[AndroidUiautomator2Driver@23e1 (086c6710)]&amp#27;[0m Got response with status 200: {"sessionId":"b4bdeba8-0662-434c-b8c5-9ecf4d35a4c7","value":null}
[debug] &amp#27;[38;5;32m[AndroidUiautomator2Driver@23e1 (086c6710)]&amp#27;[0m Responding to client with driver.click() result: null
&amp#27;[38;5;0m[HTTP]&amp#27;[0m &amp#27;[37m<-- POST /session/086c6710-42f2-4bfe-b25e-72ace85f5aff/element/00000000-0000-00e7-ffff-ffff00000059/click &amp#27;[39m&amp#27;[32m200&amp#27;[39m &amp#27;[90m51 ms - 14&amp#27;[39m
&amp#27;[38;5;0m[HTTP]&amp#27;[0m &amp#27;[90m&amp#27;[39m
&amp#27;[38;5;0m[HTTP]&amp#27;[0m &amp#27;[37m-->&amp#27;[39m &amp#27;[37mGET&amp#27;[39m &amp#27;[37m/session/086c6710-42f2-4bfe-b25e-72ace85f5aff/context&amp#27;[39m
&amp#27;[38;5;0m[HTTP]&amp#27;[0m &amp#27;[90m{}&amp#27;[39m
[debug] &amp#27;[38;5;32m[AndroidUiautomator2Driver@23e1 (086c6710)]&amp#27;[0m Calling AppiumDriver.getCurrentContext() with args: ["086c6710-42f2-4bfe-b25e-72ace85f5aff"]
[debug] &amp#27;[38;5;32m[AndroidUiautomator2Driver@23e1 (086c6710)]&amp#27;[0m Responding to client with driver.getCurrentContext() result: "NATIVE_APP"
&amp#27;[38;5;0m[HTTP]&amp#27;[0m &amp#27;[37m<-- GET /session/086c6710-42f2-4bfe-b25e-72ace85f5aff/context &amp#27;[39m&amp#27;[32m200&amp#27;[39m &amp#27;[90m2 ms - 22&amp#27;[39m
&amp#27;[38;5;0m[HTTP]&amp#27;[0m &amp#27;[90m&amp#27;[39m
&amp#27;[38;5;0m[HTTP]&amp#27;[0m &amp#27;[37m-->&amp#27;[39m &amp#27;[37mPOST&amp#27;[39m &amp#27;[37m/session/086c6710-42f2-4bfe-b25e-72ace85f5aff/element&amp#27;[39m
&amp#27;[38;5;0m[HTTP]&amp#27;[0m &amp#27;[90m{"value":"com.androidsample.generalstore:id/btnLetsShop","using":"id"}&amp#27;[39m
[debug] &amp#27;[38;5;32m[AndroidUiautomator2Driver@23e1 (086c6710)]&amp#27;[0m Calling AppiumDriver.findElement() with args: ["id","com.androidsample.generalstore:id/btnLetsShop","086c6710-42f2-4bfe-b25e-72ace85f5aff"]
[debug] &amp#27;[38;5;32m[AndroidUiautomator2Driver@23e1 (086c6710)]&amp#27;[0m Valid locator strategies for this request: xpath, id, class name, accessibility id, css selector, -android uiautomator
[debug] &amp#27;[38;5;32m[AndroidUiautomator2Driver@23e1 (086c6710)]&amp#27;[0m Waiting up to 10000 ms for condition
[debug] &amp#27;[38;5;32m[AndroidUiautomator2Driver@23e1 (086c6710)]&amp#27;[0m Matched '/element' to command name 'findElement'
[debug] &amp#27;[38;5;32m[AndroidUiautomator2Driver@23e1 (086c6710)]&amp#27;[0m Proxying [POST /element] to [POST http://127.0.0.1:8200/session/b4bdeba8-0662-434c-b8c5-9ecf4d35a4c7/element] with body: {"strategy":"id","selector":"com.androidsample.generalstore:id/btnLetsShop","context":"","multiple":false}
[debug] &amp#27;[38;5;32m[AndroidUiautomator2Driver@23e1 (086c6710)]&amp#27;[0m Got response with status 200: {"sessionId":"b4bdeba8-0662-434c-b8c5-9ecf4d35a4c7","value":{"ELEMENT":"00000000-0000-00e7-ffff-ffff0000005b","element-6066-11e4-a52e-4f735466cecf":"00000000-0000-00e7-ffff-ffff0000005b"}}
[debug] &amp#27;[38;5;32m[AndroidUiautomator2Driver@23e1 (086c6710)]&amp#27;[0m Responding to client with driver.findElement() result: {"element-6066-11e4-a52e-4f735466cecf":"00000000-0000-00e7-ffff-ffff0000005b","ELEMENT":"00000000-0000-00e7-ffff-ffff0000005b"}
&amp#27;[38;5;0m[HTTP]&amp#27;[0m &amp#27;[37m<-- POST /session/086c6710-42f2-4bfe-b25e-72ace85f5aff/element &amp#27;[39m&amp#27;[32m200&amp#27;[39m &amp#27;[90m515 ms - 137&amp#27;[39m
&amp#27;[38;5;0m[HTTP]&amp#27;[0m &amp#27;[90m&amp#27;[39m
&amp#27;[38;5;0m[HTTP]&amp#27;[0m &amp#27;[37m-->&amp#27;[39m &amp#27;[37mPOST&amp#27;[39m &amp#27;[37m/session/086c6710-42f2-4bfe-b25e-72ace85f5aff/element/00000000-0000-00e7-ffff-ffff0000005b/click&amp#27;[39m
&amp#27;[38;5;0m[HTTP]&amp#27;[0m &amp#27;[90m{"id":"00000000-0000-00e7-ffff-ffff0000005b"}&amp#27;[39m
[debug] &amp#27;[38;5;32m[AndroidUiautomator2Driver@23e1 (086c6710)]&amp#27;[0m Calling AppiumDriver.click() with args: ["00000000-0000-00e7-ffff-ffff0000005b","086c6710-42f2-4bfe-b25e-72ace85f5aff"]
[debug] &amp#27;[38;5;32m[AndroidUiautomator2Driver@23e1 (086c6710)]&amp#27;[0m Matched '/element/00000000-0000-00e7-ffff-ffff0000005b/click' to command name 'click'
[debug] &amp#27;[38;5;32m[AndroidUiautomator2Driver@23e1 (086c6710)]&amp#27;[0m Proxying [POST /element/00000000-0000-00e7-ffff-ffff0000005b/click] to [POST http://127.0.0.1:8200/session/b4bdeba8-0662-434c-b8c5-9ecf4d35a4c7/element/00000000-0000-00e7-ffff-ffff0000005b/click] with body: {"element":"00000000-0000-00e7-ffff-ffff0000005b"}
[debug] &amp#27;[38;5;32m[AndroidUiautomator2Driver@23e1 (086c6710)]&amp#27;[0m Got response with status 200: {"sessionId":"b4bdeba8-0662-434c-b8c5-9ecf4d35a4c7","value":null}
[debug] &amp#27;[38;5;32m[AndroidUiautomator2Driver@23e1 (086c6710)]&amp#27;[0m Responding to client with driver.click() result: null
&amp#27;[38;5;0m[HTTP]&amp#27;[0m &amp#27;[37m<-- POST /session/086c6710-42f2-4bfe-b25e-72ace85f5aff/element/00000000-0000-00e7-ffff-ffff0000005b/click &amp#27;[39m&amp#27;[32m200&amp#27;[39m &amp#27;[90m54 ms - 14&amp#27;[39m
&amp#27;[38;5;0m[HTTP]&amp#27;[0m &amp#27;[90m&amp#27;[39m
&amp#27;[38;5;0m[HTTP]&amp#27;[0m &amp#27;[37m-->&amp#27;[39m &amp#27;[37mPOST&amp#27;[39m &amp#27;[37m/session/086c6710-42f2-4bfe-b25e-72ace85f5aff/element&amp#27;[39m
&amp#27;[38;5;0m[HTTP]&amp#27;[0m &amp#27;[90m{"value":"new UiScrollable(new UiSelector()).scrollIntoView(text(\"Jordan Lift Off\"));","using":"-android uiautomator"}&amp#27;[39m
[debug] &amp#27;[38;5;32m[AndroidUiautomator2Driver@23e1 (086c6710)]&amp#27;[0m Calling AppiumDriver.findElement() with args: ["-android uiautomator","new UiScrollable(new UiSelector()).scrollIntoView(text(\"Jordan Lift Off\"));","086c6710-42f2-4bfe-b25e-72ace85f5aff"]
[debug] &amp#27;[38;5;32m[AndroidUiautomator2Driver@23e1 (086c6710)]&amp#27;[0m Valid locator strategies for this request: xpath, id, class name, accessibility id, css selector, -android uiautomator
[debug] &amp#27;[38;5;32m[AndroidUiautomator2Driver@23e1 (086c6710)]&amp#27;[0m Waiting up to 10000 ms for condition
[debug] &amp#27;[38;5;32m[AndroidUiautomator2Driver@23e1 (086c6710)]&amp#27;[0m Matched '/element' to command name 'findElement'
[debug] &amp#27;[38;5;32m[AndroidUiautomator2Driver@23e1 (086c6710)]&amp#27;[0m Proxying [POST /element] to [POST http://127.0.0.1:8200/session/b4bdeba8-0662-434c-b8c5-9ecf4d35a4c7/element] with body: {"strategy":"-android uiautomator","selector":"new UiScrollable(new UiSelector()).scrollIntoView(text(\"Jordan Lift Off\"));","context":"","multiple":false}
[debug] &amp#27;[38;5;32m[AndroidUiautomator2Driver@23e1 (086c6710)]&amp#27;[0m Got response with status 200: {"sessionId":"b4bdeba8-0662-434c-b8c5-9ecf4d35a4c7","value":{"ELEMENT":"00000000-0000-00e9-ffff-ffff000000b8","element-6066-11e4-a52e-4f735466cecf":"00000000-0000-00e9-ffff-ffff000000b8"}}
[debug] &amp#27;[38;5;32m[AndroidUiautomator2Driver@23e1 (086c6710)]&amp#27;[0m Responding to client with driver.findElement() result: {"element-6066-11e4-a52e-4f735466cecf":"00000000-0000-00e9-ffff-ffff000000b8","ELEMENT":"00000000-0000-00e9-ffff-ffff000000b8"}
&amp#27;[38;5;0m[HTTP]&amp#27;[0m &amp#27;[37m<-- POST /session/086c6710-42f2-4bfe-b25e-72ace85f5aff/element &amp#27;[39m&amp#27;[32m200&amp#27;[39m &amp#27;[90m6475 ms - 137&amp#27;[39m
&amp#27;[38;5;0m[HTTP]&amp#27;[0m &amp#27;[90m&amp#27;[39m
&amp#27;[38;5;0m[HTTP]&amp#27;[0m &amp#27;[37m-->&amp#27;[39m &amp#27;[37mGET&amp#27;[39m &amp#27;[37m/session/086c6710-42f2-4bfe-b25e-72ace85f5aff/context&amp#27;[39m
&amp#27;[38;5;0m[HTTP]&amp#27;[0m &amp#27;[90m{}&amp#27;[39m
[debug] &amp#27;[38;5;32m[AndroidUiautomator2Driver@23e1 (086c6710)]&amp#27;[0m Calling AppiumDriver.getCurrentContext() with args: ["086c6710-42f2-4bfe-b25e-72ace85f5aff"]
[debug] &amp#27;[38;5;32m[AndroidUiautomator2Driver@23e1 (086c6710)]&amp#27;[0m Responding to client with driver.getCurrentContext() result: "NATIVE_APP"
&amp#27;[38;5;0m[HTTP]&amp#27;[0m &amp#27;[37m<-- GET /session/086c6710-42f2-4bfe-b25e-72ace85f5aff/context &amp#27;[39m&amp#27;[32m200&amp#27;[39m &amp#27;[90m1 ms - 22&amp#27;[39m
&amp#27;[38;5;0m[HTTP]&amp#27;[0m &amp#27;[90m&amp#27;[39m
&amp#27;[38;5;0m[HTTP]&amp#27;[0m &amp#27;[37m-->&amp#27;[39m &amp#27;[37mPOST&amp#27;[39m &amp#27;[37m/session/086c6710-42f2-4bfe-b25e-72ace85f5aff/elements&amp#27;[39m
&amp#27;[38;5;0m[HTTP]&amp#27;[0m &amp#27;[90m{"value":"com.androidsample.generalstore:id/productName","using":"id"}&amp#27;[39m
[debug] &amp#27;[38;5;32m[AndroidUiautomator2Driver@23e1 (086c6710)]&amp#27;[0m Calling AppiumDriver.findElements() with args: ["id","com.androidsample.generalstore:id/productName","086c6710-42f2-4bfe-b25e-72ace85f5aff"]
[debug] &amp#27;[38;5;32m[AndroidUiautomator2Driver@23e1 (086c6710)]&amp#27;[0m Valid locator strategies for this request: xpath, id, class name, accessibility id, css selector, -android uiautomator
[debug] &amp#27;[38;5;32m[AndroidUiautomator2Driver@23e1 (086c6710)]&amp#27;[0m Waiting up to 10000 ms for condition
[debug] &amp#27;[38;5;32m[AndroidUiautomator2Driver@23e1 (086c6710)]&amp#27;[0m Matched '/elements' to command name 'findElements'
[debug] &amp#27;[38;5;32m[AndroidUiautomator2Driver@23e1 (086c6710)]&amp#27;[0m Proxying [POST /elements] to [POST http://127.0.0.1:8200/session/b4bdeba8-0662-434c-b8c5-9ecf4d35a4c7/elements] with body: {"strategy":"id","selector":"com.androidsample.generalstore:id/productName","context":"","multiple":true}
[debug] &amp#27;[38;5;32m[AndroidUiautomator2Driver@23e1 (086c6710)]&amp#27;[0m Got response with status 200: {"sessionId":"b4bdeba8-0662-434c-b8c5-9ecf4d35a4c7","value":[{"ELEMENT":"00000000-0000-00e9-ffff-ffff000000b0","element-6066-11e4-a52e-4f735466cecf":"00000000-0000-00e9-ffff-ffff000000b0"},{"ELEMENT":"00000000-0000-00e9-ffff-ffff000000b8","element-6066-11e4-a52e-4f735466cecf":"00000000-0000-00e9-ffff-ffff000000b8"}]}
[debug] &amp#27;[38;5;32m[AndroidUiautomator2Driver@23e1 (086c6710)]&amp#27;[0m Responding to client with driver.findElements() result: [{"element-6066-11e4-a52e-4f735466cecf":"00000000-0000-00e9-ffff-ffff000000b0","ELEMENT":"00000000-0000-00e9-ffff-ffff000000b0"},{"element-6066-11e4-a52e-4f735466cecf":"00000000-0000-00e9-ffff-ffff000000b8","ELEMENT":"00000000-0000-00e9-ffff-ffff000000b8"}]
&amp#27;[38;5;0m[HTTP]&amp#27;[0m &amp#27;[37m<-- POST /session/086c6710-42f2-4bfe-b25e-72ace85f5aff/elements &amp#27;[39m&amp#27;[32m200&amp#27;[39m &amp#27;[90m49 ms - 267&amp#27;[39m
&amp#27;[38;5;0m[HTTP]&amp#27;[0m &amp#27;[90m&amp#27;[39m
&amp#27;[38;5;0m[HTTP]&amp#27;[0m &amp#27;[37m-->&amp#27;[39m &amp#27;[37mGET&amp#27;[39m &amp#27;[37m/session/086c6710-42f2-4bfe-b25e-72ace85f5aff/context&amp#27;[39m
&amp#27;[38;5;0m[HTTP]&amp#27;[0m &amp#27;[90m{}&amp#27;[39m
[debug] &amp#27;[38;5;32m[AndroidUiautomator2Driver@23e1 (086c6710)]&amp#27;[0m Calling AppiumDriver.getCurrentContext() with args: ["086c6710-42f2-4bfe-b25e-72ace85f5aff"]
[debug] &amp#27;[38;5;32m[AndroidUiautomator2Driver@23e1 (086c6710)]&amp#27;[0m Responding to client with driver.getCurrentContext() result: "NATIVE_APP"
&amp#27;[38;5;0m[HTTP]&amp#27;[0m &amp#27;[37m<-- GET /session/086c6710-42f2-4bfe-b25e-72ace85f5aff/context &amp#27;[39m&amp#27;[32m200&amp#27;[39m &amp#27;[90m1 ms - 22&amp#27;[39m
&amp#27;[38;5;0m[HTTP]&amp#27;[0m &amp#27;[90m&amp#27;[39m
&amp#27;[38;5;0m[HTTP]&amp#27;[0m &amp#27;[37m-->&amp#27;[39m &amp#27;[37mPOST&amp#27;[39m &amp#27;[37m/session/086c6710-42f2-4bfe-b25e-72ace85f5aff/elements&amp#27;[39m
&amp#27;[38;5;0m[HTTP]&amp#27;[0m &amp#27;[90m{"value":"com.androidsample.generalstore:id/productName","using":"id"}&amp#27;[39m
[debug] &amp#27;[38;5;32m[AndroidUiautomator2Driver@23e1 (086c6710)]&amp#27;[0m Calling AppiumDriver.findElements() with args: ["id","com.androidsample.generalstore:id/productName","086c6710-42f2-4bfe-b25e-72ace85f5aff"]
[debug] &amp#27;[38;5;32m[AndroidUiautomator2Driver@23e1 (086c6710)]&amp#27;[0m Valid locator strategies for this request: xpath, id, class name, accessibility id, css selector, -android uiautomator
[debug] &amp#27;[38;5;32m[AndroidUiautomator2Driver@23e1 (086c6710)]&amp#27;[0m Waiting up to 10000 ms for condition
[debug] &amp#27;[38;5;32m[AndroidUiautomator2Driver@23e1 (086c6710)]&amp#27;[0m Matched '/elements' to command name 'findElements'
[debug] &amp#27;[38;5;32m[AndroidUiautomator2Driver@23e1 (086c6710)]&amp#27;[0m Proxying [POST /elements] to [POST http://127.0.0.1:8200/session/b4bdeba8-0662-434c-b8c5-9ecf4d35a4c7/elements] with body: {"strategy":"id","selector":"com.androidsample.generalstore:id/productName","context":"","multiple":true}
[debug] &amp#27;[38;5;32m[AndroidUiautomator2Driver@23e1 (086c6710)]&amp#27;[0m Got response with status 200: {"sessionId":"b4bdeba8-0662-434c-b8c5-9ecf4d35a4c7","value":[{"ELEMENT":"00000000-0000-00e9-ffff-ffff000000b0","element-6066-11e4-a52e-4f735466cecf":"00000000-0000-00e9-ffff-ffff000000b0"},{"ELEMENT":"00000000-0000-00e9-ffff-ffff000000b8","element-6066-11e4-a52e-4f735466cecf":"00000000-0000-00e9-ffff-ffff000000b8"}]}
[debug] &amp#27;[38;5;32m[AndroidUiautomator2Driver@23e1 (086c6710)]&amp#27;[0m Responding to client with driver.findElements() result: [{"element-6066-11e4-a52e-4f735466cecf":"00000000-0000-00e9-ffff-ffff000000b0","ELEMENT":"00000000-0000-00e9-ffff-ffff000000b0"},{"element-6066-11e4-a52e-4f735466cecf":"00000000-0000-00e9-ffff-ffff000000b8","ELEMENT":"00000000-0000-00e9-ffff-ffff000000b8"}]
&amp#27;[38;5;0m[HTTP]&amp#27;[0m &amp#27;[37m<-- POST /session/086c6710-42f2-4bfe-b25e-72ace85f5aff/elements &amp#27;[39m&amp#27;[32m200&amp#27;[39m &amp#27;[90m48 ms - 267&amp#27;[39m
&amp#27;[38;5;0m[HTTP]&amp#27;[0m &amp#27;[90m&amp#27;[39m
&amp#27;[38;5;0m[HTTP]&amp#27;[0m &amp#27;[37m-->&amp#27;[39m &amp#27;[37mGET&amp#27;[39m &amp#27;[37m/session/086c6710-42f2-4bfe-b25e-72ace85f5aff/element/00000000-0000-00e9-ffff-ffff000000b0/text&amp#27;[39m
&amp#27;[38;5;0m[HTTP]&amp#27;[0m &amp#27;[90m{}&amp#27;[39m
&amp#27;[38;5;32m[AndroidUiautomator2Driver@23e1 (086c6710)]&amp#27;[0m Driver proxy active, passing request on via HTTP proxy
[debug] &amp#27;[38;5;32m[AndroidUiautomator2Driver@23e1 (086c6710)]&amp#27;[0m Matched '/session/086c6710-42f2-4bfe-b25e-72ace85f5aff/element/00000000-0000-00e9-ffff-ffff000000b0/text' to command name 'getText'
[debug] &amp#27;[38;5;32m[AndroidUiautomator2Driver@23e1 (086c6710)]&amp#27;[0m Proxying [GET /session/086c6710-42f2-4bfe-b25e-72ace85f5aff/element/00000000-0000-00e9-ffff-ffff000000b0/text] to [GET http://127.0.0.1:8200/session/b4bdeba8-0662-434c-b8c5-9ecf4d35a4c7/element/00000000-0000-00e9-ffff-ffff000000b0/text] with no body
[debug] &amp#27;[38;5;32m[AndroidUiautomator2Driver@23e1 (086c6710)]&amp#27;[0m Got response with status 200: {"sessionId":"b4bdeba8-0662-434c-b8c5-9ecf4d35a4c7","value":"Jordan 6 Rings"}
&amp#27;[38;5;32m[AndroidUiautomator2Driver@23e1 (086c6710)]&amp#27;[0m Replacing sessionId b4bdeba8-0662-434c-b8c5-9ecf4d35a4c7 with 086c6710-42f2-4bfe-b25e-72ace85f5aff
&amp#27;[38;5;0m[HTTP]&amp#27;[0m &amp#27;[37m<-- GET /session/086c6710-42f2-4bfe-b25e-72ace85f5aff/element/00000000-0000-00e9-ffff-ffff000000b0/text &amp#27;[39m&amp#27;[32m200&amp#27;[39m &amp#27;[90m14 ms - 77&amp#27;[39m
&amp#27;[38;5;0m[HTTP]&amp#27;[0m &amp#27;[90m&amp#27;[39m
&amp#27;[38;5;0m[HTTP]&amp#27;[0m &amp#27;[37m-->&amp#27;[39m &amp#27;[37mGET&amp#27;[39m &amp#27;[37m/session/086c6710-42f2-4bfe-b25e-72ace85f5aff/context&amp#27;[39m
&amp#27;[38;5;0m[HTTP]&amp#27;[0m &amp#27;[90m{}&amp#27;[39m
[debug] &amp#27;[38;5;32m[AndroidUiautomator2Driver@23e1 (086c6710)]&amp#27;[0m Calling AppiumDriver.getCurrentContext() with args: ["086c6710-42f2-4bfe-b25e-72ace85f5aff"]
[debug] &amp#27;[38;5;32m[AndroidUiautomator2Driver@23e1 (086c6710)]&amp#27;[0m Responding to client with driver.getCurrentContext() result: "NATIVE_APP"
&amp#27;[38;5;0m[HTTP]&amp#27;[0m &amp#27;[37m<-- GET /session/086c6710-42f2-4bfe-b25e-72ace85f5aff/context &amp#27;[39m&amp#27;[32m200&amp#27;[39m &amp#27;[90m1 ms - 22&amp#27;[39m
&amp#27;[38;5;0m[HTTP]&amp#27;[0m &amp#27;[90m&amp#27;[39m
&amp#27;[38;5;0m[HTTP]&amp#27;[0m &amp#27;[37m-->&amp#27;[39m &amp#27;[37mPOST&amp#27;[39m &amp#27;[37m/session/086c6710-42f2-4bfe-b25e-72ace85f5aff/elements&amp#27;[39m
&amp#27;[38;5;0m[HTTP]&amp#27;[0m &amp#27;[90m{"value":"com.androidsample.generalstore:id/productName","using":"id"}&amp#27;[39m
[debug] &amp#27;[38;5;32m[AndroidUiautomator2Driver@23e1 (086c6710)]&amp#27;[0m Calling AppiumDriver.findElements() with args: ["id","com.androidsample.generalstore:id/productName","086c6710-42f2-4bfe-b25e-72ace85f5aff"]
[debug] &amp#27;[38;5;32m[AndroidUiautomator2Driver@23e1 (086c6710)]&amp#27;[0m Valid locator strategies for this request: xpath, id, class name, accessibility id, css selector, -android uiautomator
[debug] &amp#27;[38;5;32m[AndroidUiautomator2Driver@23e1 (086c6710)]&amp#27;[0m Waiting up to 10000 ms for condition
[debug] &amp#27;[38;5;32m[AndroidUiautomator2Driver@23e1 (086c6710)]&amp#27;[0m Matched '/elements' to command name 'findElements'
[debug] &amp#27;[38;5;32m[AndroidUiautomator2Driver@23e1 (086c6710)]&amp#27;[0m Proxying [POST /elements] to [POST http://127.0.0.1:8200/session/b4bdeba8-0662-434c-b8c5-9ecf4d35a4c7/elements] with body: {"strategy":"id","selector":"com.androidsample.generalstore:id/productName","context":"","multiple":true}
[debug] &amp#27;[38;5;32m[AndroidUiautomator2Driver@23e1 (086c6710)]&amp#27;[0m Got response with status 200: {"sessionId":"b4bdeba8-0662-434c-b8c5-9ecf4d35a4c7","value":[{"ELEMENT":"00000000-0000-00e9-ffff-ffff000000b0","element-6066-11e4-a52e-4f735466cecf":"00000000-0000-00e9-ffff-ffff000000b0"},{"ELEMENT":"00000000-0000-00e9-ffff-ffff000000b8","element-6066-11e4-a52e-4f735466cecf":"00000000-0000-00e9-ffff-ffff000000b8"}]}
[debug] &amp#27;[38;5;32m[AndroidUiautomator2Driver@23e1 (086c6710)]&amp#27;[0m Responding to client with driver.findElements() result: [{"element-6066-11e4-a52e-4f735466cecf":"00000000-0000-00e9-ffff-ffff000000b0","ELEMENT":"00000000-0000-00e9-ffff-ffff000000b0"},{"element-6066-11e4-a52e-4f735466cecf":"00000000-0000-00e9-ffff-ffff000000b8","ELEMENT":"00000000-0000-00e9-ffff-ffff000000b8"}]
&amp#27;[38;5;0m[HTTP]&amp#27;[0m &amp#27;[37m<-- POST /session/086c6710-42f2-4bfe-b25e-72ace85f5aff/elements &amp#27;[39m&amp#27;[32m200&amp#27;[39m &amp#27;[90m54 ms - 267&amp#27;[39m
&amp#27;[38;5;0m[HTTP]&amp#27;[0m &amp#27;[90m&amp#27;[39m
&amp#27;[38;5;0m[HTTP]&amp#27;[0m &amp#27;[37m-->&amp#27;[39m &amp#27;[37mGET&amp#27;[39m &amp#27;[37m/session/086c6710-42f2-4bfe-b25e-72ace85f5aff/context&amp#27;[39m
&amp#27;[38;5;0m[HTTP]&amp#27;[0m &amp#27;[90m{}&amp#27;[39m
[debug] &amp#27;[38;5;32m[AndroidUiautomator2Driver@23e1 (086c6710)]&amp#27;[0m Calling AppiumDriver.getCurrentContext() with args: ["086c6710-42f2-4bfe-b25e-72ace85f5aff"]
[debug] &amp#27;[38;5;32m[AndroidUiautomator2Driver@23e1 (086c6710)]&amp#27;[0m Responding to client with driver.getCurrentContext() result: "NATIVE_APP"
&amp#27;[38;5;0m[HTTP]&amp#27;[0m &amp#27;[37m<-- GET /session/086c6710-42f2-4bfe-b25e-72ace85f5aff/context &amp#27;[39m&amp#27;[32m200&amp#27;[39m &amp#27;[90m1 ms - 22&amp#27;[39m
&amp#27;[38;5;0m[HTTP]&amp#27;[0m &amp#27;[90m&amp#27;[39m
&amp#27;[38;5;0m[HTTP]&amp#27;[0m &amp#27;[37m-->&amp#27;[39m &amp#27;[37mPOST&amp#27;[39m &amp#27;[37m/session/086c6710-42f2-4bfe-b25e-72ace85f5aff/elements&amp#27;[39m
&amp#27;[38;5;0m[HTTP]&amp#27;[0m &amp#27;[90m{"value":"com.androidsample.generalstore:id/productName","using":"id"}&amp#27;[39m
[debug] &amp#27;[38;5;32m[AndroidUiautomator2Driver@23e1 (086c6710)]&amp#27;[0m Calling AppiumDriver.findElements() with args: ["id","com.androidsample.generalstore:id/productName","086c6710-42f2-4bfe-b25e-72ace85f5aff"]
[debug] &amp#27;[38;5;32m[AndroidUiautomator2Driver@23e1 (086c6710)]&amp#27;[0m Valid locator strategies for this request: xpath, id, class name, accessibility id, css selector, -android uiautomator
[debug] &amp#27;[38;5;32m[AndroidUiautomator2Driver@23e1 (086c6710)]&amp#27;[0m Waiting up to 10000 ms for condition
[debug] &amp#27;[38;5;32m[AndroidUiautomator2Driver@23e1 (086c6710)]&amp#27;[0m Matched '/elements' to command name 'findElements'
[debug] &amp#27;[38;5;32m[AndroidUiautomator2Driver@23e1 (086c6710)]&amp#27;[0m Proxying [POST /elements] to [POST http://127.0.0.1:8200/session/b4bdeba8-0662-434c-b8c5-9ecf4d35a4c7/elements] with body: {"strategy":"id","selector":"com.androidsample.generalstore:id/productName","context":"","multiple":true}
[debug] &amp#27;[38;5;32m[AndroidUiautomator2Driver@23e1 (086c6710)]&amp#27;[0m Got response with status 200: {"sessionId":"b4bdeba8-0662-434c-b8c5-9ecf4d35a4c7","value":[{"ELEMENT":"00000000-0000-00e9-ffff-ffff000000b0","element-6066-11e4-a52e-4f735466cecf":"00000000-0000-00e9-ffff-ffff000000b0"},{"ELEMENT":"00000000-0000-00e9-ffff-ffff000000b8","element-6066-11e4-a52e-4f735466cecf":"00000000-0000-00e9-ffff-ffff000000b8"}]}
[debug] &amp#27;[38;5;32m[AndroidUiautomator2Driver@23e1 (086c6710)]&amp#27;[0m Responding to client with driver.findElements() result: [{"element-6066-11e4-a52e-4f735466cecf":"00000000-0000-00e9-ffff-ffff000000b0","ELEMENT":"00000000-0000-00e9-ffff-ffff000000b0"},{"element-6066-11e4-a52e-4f735466cecf":"00000000-0000-00e9-ffff-ffff000000b8","ELEMENT":"00000000-0000-00e9-ffff-ffff000000b8"}]
&amp#27;[38;5;0m[HTTP]&amp#27;[0m &amp#27;[37m<-- POST /session/086c6710-42f2-4bfe-b25e-72ace85f5aff/elements &amp#27;[39m&amp#27;[32m200&amp#27;[39m &amp#27;[90m51 ms - 267&amp#27;[39m
&amp#27;[38;5;0m[HTTP]&amp#27;[0m &amp#27;[90m&amp#27;[39m
&amp#27;[38;5;0m[HTTP]&amp#27;[0m &amp#27;[37m-->&amp#27;[39m &amp#27;[37mGET&amp#27;[39m &amp#27;[37m/session/086c6710-42f2-4bfe-b25e-72ace85f5aff/element/00000000-0000-00e9-ffff-ffff000000b8/text&amp#27;[39m
&amp#27;[38;5;0m[HTTP]&amp#27;[0m &amp#27;[90m{}&amp#27;[39m
&amp#27;[38;5;32m[AndroidUiautomator2Driver@23e1 (086c6710)]&amp#27;[0m Driver proxy active, passing request on via HTTP proxy
[debug] &amp#27;[38;5;32m[AndroidUiautomator2Driver@23e1 (086c6710)]&amp#27;[0m Matched '/session/086c6710-42f2-4bfe-b25e-72ace85f5aff/element/00000000-0000-00e9-ffff-ffff000000b8/text' to command name 'getText'
[debug] &amp#27;[38;5;32m[AndroidUiautomator2Driver@23e1 (086c6710)]&amp#27;[0m Proxying [GET /session/086c6710-42f2-4bfe-b25e-72ace85f5aff/element/00000000-0000-00e9-ffff-ffff000000b8/text] to [GET http://127.0.0.1:8200/session/b4bdeba8-0662-434c-b8c5-9ecf4d35a4c7/element/00000000-0000-00e9-ffff-ffff000000b8/text] with no body
[debug] &amp#27;[38;5;32m[AndroidUiautomator2Driver@23e1 (086c6710)]&amp#27;[0m Got response with status 200: {"sessionId":"b4bdeba8-0662-434c-b8c5-9ecf4d35a4c7","value":"Jordan Lift Off"}
&amp#27;[38;5;32m[AndroidUiautomator2Driver@23e1 (086c6710)]&amp#27;[0m Replacing sessionId b4bdeba8-0662-434c-b8c5-9ecf4d35a4c7 with 086c6710-42f2-4bfe-b25e-72ace85f5aff
&amp#27;[38;5;0m[HTTP]&amp#27;[0m &amp#27;[37m<-- GET /session/086c6710-42f2-4bfe-b25e-72ace85f5aff/element/00000000-0000-00e9-ffff-ffff000000b8/text &amp#27;[39m&amp#27;[32m200&amp#27;[39m &amp#27;[90m12 ms - 78&amp#27;[39m
&amp#27;[38;5;0m[HTTP]&amp#27;[0m &amp#27;[90m&amp#27;[39m
&amp#27;[38;5;0m[HTTP]&amp#27;[0m &amp#27;[37m-->&amp#27;[39m &amp#27;[37mGET&amp#27;[39m &amp#27;[37m/session/086c6710-42f2-4bfe-b25e-72ace85f5aff/context&amp#27;[39m
&amp#27;[38;5;0m[HTTP]&amp#27;[0m &amp#27;[90m{}&amp#27;[39m
[debug] &amp#27;[38;5;32m[AndroidUiautomator2Driver@23e1 (086c6710)]&amp#27;[0m Calling AppiumDriver.getCurrentContext() with args: ["086c6710-42f2-4bfe-b25e-72ace85f5aff"]
[debug] &amp#27;[38;5;32m[AndroidUiautomator2Driver@23e1 (086c6710)]&amp#27;[0m Responding to client with driver.getCurrentContext() result: "NATIVE_APP"
&amp#27;[38;5;0m[HTTP]&amp#27;[0m &amp#27;[37m<-- GET /session/086c6710-42f2-4bfe-b25e-72ace85f5aff/context &amp#27;[39m&amp#27;[32m200&amp#27;[39m &amp#27;[90m1 ms - 22&amp#27;[39m
&amp#27;[38;5;0m[HTTP]&amp#27;[0m &amp#27;[90m&amp#27;[39m
&amp#27;[38;5;0m[HTTP]&amp#27;[0m &amp#27;[37m-->&amp#27;[39m &amp#27;[37mPOST&amp#27;[39m &amp#27;[37m/session/086c6710-42f2-4bfe-b25e-72ace85f5aff/elements&amp#27;[39m
&amp#27;[38;5;0m[HTTP]&amp#27;[0m &amp#27;[90m{"value":"com.androidsample.generalstore:id/productAddCart","using":"id"}&amp#27;[39m
[debug] &amp#27;[38;5;32m[AndroidUiautomator2Driver@23e1 (086c6710)]&amp#27;[0m Calling AppiumDriver.findElements() with args: ["id","com.androidsample.generalstore:id/productAddCart","086c6710-42f2-4bfe-b25e-72ace85f5aff"]
[debug] &amp#27;[38;5;32m[AndroidUiautomator2Driver@23e1 (086c6710)]&amp#27;[0m Valid locator strategies for this request: xpath, id, class name, accessibility id, css selector, -android uiautomator
[debug] &amp#27;[38;5;32m[AndroidUiautomator2Driver@23e1 (086c6710)]&amp#27;[0m Waiting up to 10000 ms for condition
[debug] &amp#27;[38;5;32m[AndroidUiautomator2Driver@23e1 (086c6710)]&amp#27;[0m Matched '/elements' to command name 'findElements'
[debug] &amp#27;[38;5;32m[AndroidUiautomator2Driver@23e1 (086c6710)]&amp#27;[0m Proxying [POST /elements] to [POST http://127.0.0.1:8200/session/b4bdeba8-0662-434c-b8c5-9ecf4d35a4c7/elements] with body: {"strategy":"id","selector":"com.androidsample.generalstore:id/productAddCart","context":"","multiple":true}
[debug] &amp#27;[38;5;32m[AndroidUiautomator2Driver@23e1 (086c6710)]&amp#27;[0m Got response with status 200: {"sessionId":"b4bdeba8-0662-434c-b8c5-9ecf4d35a4c7","value":[{"ELEMENT":"00000000-0000-00e9-ffff-ffff000000b4","element-6066-11e4-a52e-4f735466cecf":"00000000-0000-00e9-ffff-ffff000000b4"},{"ELEMENT":"00000000-0000-00e9-ffff-ffff000000bc","element-6066-11e4-a52e-4f735466cecf":"00000000-0000-00e9-ffff-ffff000000bc"}]}
[debug] &amp#27;[38;5;32m[AndroidUiautomator2Driver@23e1 (086c6710)]&amp#27;[0m Responding to client with driver.findElements() result: [{"element-6066-11e4-a52e-4f735466cecf":"00000000-0000-00e9-ffff-ffff000000b4","ELEMENT":"00000000-0000-00e9-ffff-ffff000000b4"},{"element-6066-11e4-a52e-4f735466cecf":"00000000-0000-00e9-ffff-ffff000000bc","ELEMENT":"00000000-0000-00e9-ffff-ffff000000bc"}]
&amp#27;[38;5;0m[HTTP]&amp#27;[0m &amp#27;[37m<-- POST /session/086c6710-42f2-4bfe-b25e-72ace85f5aff/elements &amp#27;[39m&amp#27;[32m200&amp#27;[39m &amp#27;[90m54 ms - 267&amp#27;[39m
&amp#27;[38;5;0m[HTTP]&amp#27;[0m &amp#27;[90m&amp#27;[39m
&amp#27;[38;5;0m[HTTP]&amp#27;[0m &amp#27;[37m-->&amp#27;[39m &amp#27;[37mPOST&amp#27;[39m &amp#27;[37m/session/086c6710-42f2-4bfe-b25e-72ace85f5aff/element/00000000-0000-00e9-ffff-ffff000000bc/click&amp#27;[39m
&amp#27;[38;5;0m[HTTP]&amp#27;[0m &amp#27;[90m{"id":"00000000-0000-00e9-ffff-ffff000000bc"}&amp#27;[39m
[debug] &amp#27;[38;5;32m[AndroidUiautomator2Driver@23e1 (086c6710)]&amp#27;[0m Calling AppiumDriver.click() with args: ["00000000-0000-00e9-ffff-ffff000000bc","086c6710-42f2-4bfe-b25e-72ace85f5aff"]
[debug] &amp#27;[38;5;32m[AndroidUiautomator2Driver@23e1 (086c6710)]&amp#27;[0m Matched '/element/00000000-0000-00e9-ffff-ffff000000bc/click' to command name 'click'
[debug] &amp#27;[38;5;32m[AndroidUiautomator2Driver@23e1 (086c6710)]&amp#27;[0m Proxying [POST /element/00000000-0000-00e9-ffff-ffff000000bc/click] to [POST http://127.0.0.1:8200/session/b4bdeba8-0662-434c-b8c5-9ecf4d35a4c7/element/00000000-0000-00e9-ffff-ffff000000bc/click] with body: {"element":"00000000-0000-00e9-ffff-ffff000000bc"}
[debug] &amp#27;[38;5;32m[AndroidUiautomator2Driver@23e1 (086c6710)]&amp#27;[0m Got response with status 200: {"sessionId":"b4bdeba8-0662-434c-b8c5-9ecf4d35a4c7","value":null}
[debug] &amp#27;[38;5;32m[AndroidUiautomator2Driver@23e1 (086c6710)]&amp#27;[0m Responding to client with driver.click() result: null
&amp#27;[38;5;0m[HTTP]&amp#27;[0m &amp#27;[37m<-- POST /session/086c6710-42f2-4bfe-b25e-72ace85f5aff/element/00000000-0000-00e9-ffff-ffff000000bc/click &amp#27;[39m&amp#27;[32m200&amp#27;[39m &amp#27;[90m562 ms - 14&amp#27;[39m
&amp#27;[38;5;0m[HTTP]&amp#27;[0m &amp#27;[90m&amp#27;[39m
&amp#27;[38;5;0m[HTTP]&amp#27;[0m &amp#27;[37m-->&amp#27;[39m &amp#27;[37mGET&amp#27;[39m &amp#27;[37m/session/086c6710-42f2-4bfe-b25e-72ace85f5aff/context&amp#27;[39m
&amp#27;[38;5;0m[HTTP]&amp#27;[0m &amp#27;[90m{}&amp#27;[39m
[debug] &amp#27;[38;5;32m[AndroidUiautomator2Driver@23e1 (086c6710)]&amp#27;[0m Calling AppiumDriver.getCurrentContext() with args: ["086c6710-42f2-4bfe-b25e-72ace85f5aff"]
[debug] &amp#27;[38;5;32m[AndroidUiautomator2Driver@23e1 (086c6710)]&amp#27;[0m Responding to client with driver.getCurrentContext() result: "NATIVE_APP"
&amp#27;[38;5;0m[HTTP]&amp#27;[0m &amp#27;[37m<-- GET /session/086c6710-42f2-4bfe-b25e-72ace85f5aff/context &amp#27;[39m&amp#27;[32m200&amp#27;[39m &amp#27;[90m1 ms - 22&amp#27;[39m
&amp#27;[38;5;0m[HTTP]&amp#27;[0m &amp#27;[90m&amp#27;[39m
&amp#27;[38;5;0m[HTTP]&amp#27;[0m &amp#27;[37m-->&amp#27;[39m &amp#27;[37mPOST&amp#27;[39m &amp#27;[37m/session/086c6710-42f2-4bfe-b25e-72ace85f5aff/elements&amp#27;[39m
&amp#27;[38;5;0m[HTTP]&amp#27;[0m &amp#27;[90m{"value":"com.androidsample.generalstore:id/productName","using":"id"}&amp#27;[39m
[debug] &amp#27;[38;5;32m[AndroidUiautomator2Driver@23e1 (086c6710)]&amp#27;[0m Calling AppiumDriver.findElements() with args: ["id","com.androidsample.generalstore:id/productName","086c6710-42f2-4bfe-b25e-72ace85f5aff"]
[debug] &amp#27;[38;5;32m[AndroidUiautomator2Driver@23e1 (086c6710)]&amp#27;[0m Valid locator strategies for this request: xpath, id, class name, accessibility id, css selector, -android uiautomator
[debug] &amp#27;[38;5;32m[AndroidUiautomator2Driver@23e1 (086c6710)]&amp#27;[0m Waiting up to 10000 ms for condition
[debug] &amp#27;[38;5;32m[AndroidUiautomator2Driver@23e1 (086c6710)]&amp#27;[0m Matched '/elements' to command name 'findElements'
[debug] &amp#27;[38;5;32m[AndroidUiautomator2Driver@23e1 (086c6710)]&amp#27;[0m Proxying [POST /elements] to [POST http://127.0.0.1:8200/session/b4bdeba8-0662-434c-b8c5-9ecf4d35a4c7/elements] with body: {"strategy":"id","selector":"com.androidsample.generalstore:id/productName","context":"","multiple":true}
[debug] &amp#27;[38;5;32m[AndroidUiautomator2Driver@23e1 (086c6710)]&amp#27;[0m Got response with status 200: {"sessionId":"b4bdeba8-0662-434c-b8c5-9ecf4d35a4c7","value":[{"ELEMENT":"00000000-0000-00e9-ffff-ffff000000b0","element-6066-11e4-a52e-4f735466cecf":"00000000-0000-00e9-ffff-ffff000000b0"},{"ELEMENT":"00000000-0000-00e9-ffff-ffff000000b8","element-6066-11e4-a52e-4f735466cecf":"00000000-0000-00e9-ffff-ffff000000b8"}]}
[debug] &amp#27;[38;5;32m[AndroidUiautomator2Driver@23e1 (086c6710)]&amp#27;[0m Responding to client with driver.findElements() result: [{"element-6066-11e4-a52e-4f735466cecf":"00000000-0000-00e9-ffff-ffff000000b0","ELEMENT":"00000000-0000-00e9-ffff-ffff000000b0"},{"element-6066-11e4-a52e-4f735466cecf":"00000000-0000-00e9-ffff-ffff000000b8","ELEMENT":"00000000-0000-00e9-ffff-ffff000000b8"}]
&amp#27;[38;5;0m[HTTP]&amp#27;[0m &amp#27;[37m<-- POST /session/086c6710-42f2-4bfe-b25e-72ace85f5aff/elements &amp#27;[39m&amp#27;[32m200&amp#27;[39m &amp#27;[90m53 ms - 267&amp#27;[39m
&amp#27;[38;5;0m[HTTP]&amp#27;[0m &amp#27;[90m&amp#27;[39m
&amp#27;[38;5;0m[HTTP]&amp#27;[0m &amp#27;[37m-->&amp#27;[39m &amp#27;[37mGET&amp#27;[39m &amp#27;[37m/session/086c6710-42f2-4bfe-b25e-72ace85f5aff/context&amp#27;[39m
&amp#27;[38;5;0m[HTTP]&amp#27;[0m &amp#27;[90m{}&amp#27;[39m
[debug] &amp#27;[38;5;32m[AndroidUiautomator2Driver@23e1 (086c6710)]&amp#27;[0m Calling AppiumDriver.getCurrentContext() with args: ["086c6710-42f2-4bfe-b25e-72ace85f5aff"]
[debug] &amp#27;[38;5;32m[AndroidUiautomator2Driver@23e1 (086c6710)]&amp#27;[0m Responding to client with driver.getCurrentContext() result: "NATIVE_APP"
&amp#27;[38;5;0m[HTTP]&amp#27;[0m &amp#27;[37m<-- GET /session/086c6710-42f2-4bfe-b25e-72ace85f5aff/context &amp#27;[39m&amp#27;[32m200&amp#27;[39m &amp#27;[90m1 ms - 22&amp#27;[39m
&amp#27;[38;5;0m[HTTP]&amp#27;[0m &amp#27;[90m&amp#27;[39m
&amp#27;[38;5;0m[HTTP]&amp#27;[0m &amp#27;[37m-->&amp#27;[39m &amp#27;[37mPOST&amp#27;[39m &amp#27;[37m/session/086c6710-42f2-4bfe-b25e-72ace85f5aff/element&amp#27;[39m
&amp#27;[38;5;0m[HTTP]&amp#27;[0m &amp#27;[90m{"value":"com.androidsample.generalstore:id/appbar_btn_cart","using":"id"}&amp#27;[39m
[debug] &amp#27;[38;5;32m[AndroidUiautomator2Driver@23e1 (086c6710)]&amp#27;[0m Calling AppiumDriver.findElement() with args: ["id","com.androidsample.generalstore:id/appbar_btn_cart","086c6710-42f2-4bfe-b25e-72ace85f5aff"]
[debug] &amp#27;[38;5;32m[AndroidUiautomator2Driver@23e1 (086c6710)]&amp#27;[0m Valid locator strategies for this request: xpath, id, class name, accessibility id, css selector, -android uiautomator
[debug] &amp#27;[38;5;32m[AndroidUiautomator2Driver@23e1 (086c6710)]&amp#27;[0m Waiting up to 10000 ms for condition
[debug] &amp#27;[38;5;32m[AndroidUiautomator2Driver@23e1 (086c6710)]&amp#27;[0m Matched '/element' to command name 'findElement'
[debug] &amp#27;[38;5;32m[AndroidUiautomator2Driver@23e1 (086c6710)]&amp#27;[0m Proxying [POST /element] to [POST http://127.0.0.1:8200/session/b4bdeba8-0662-434c-b8c5-9ecf4d35a4c7/element] with body: {"strategy":"id","selector":"com.androidsample.generalstore:id/appbar_btn_cart","context":"","multiple":false}
[debug] &amp#27;[38;5;32m[AndroidUiautomator2Driver@23e1 (086c6710)]&amp#27;[0m Got response with status 200: {"sessionId":"b4bdeba8-0662-434c-b8c5-9ecf4d35a4c7","value":{"ELEMENT":"00000000-0000-00e9-ffff-ffff0000007e","element-6066-11e4-a52e-4f735466cecf":"00000000-0000-00e9-ffff-ffff0000007e"}}
[debug] &amp#27;[38;5;32m[AndroidUiautomator2Driver@23e1 (086c6710)]&amp#27;[0m Responding to client with driver.findElement() result: {"element-6066-11e4-a52e-4f735466cecf":"00000000-0000-00e9-ffff-ffff0000007e","ELEMENT":"00000000-0000-00e9-ffff-ffff0000007e"}
&amp#27;[38;5;0m[HTTP]&amp#27;[0m &amp#27;[37m<-- POST /session/086c6710-42f2-4bfe-b25e-72ace85f5aff/element &amp#27;[39m&amp#27;[32m200&amp#27;[39m &amp#27;[90m29 ms - 137&amp#27;[39m
&amp#27;[38;5;0m[HTTP]&amp#27;[0m &amp#27;[90m&amp#27;[39m
&amp#27;[38;5;0m[HTTP]&amp#27;[0m &amp#27;[37m-->&amp#27;[39m &amp#27;[37mPOST&amp#27;[39m &amp#27;[37m/session/086c6710-42f2-4bfe-b25e-72ace85f5aff/element/00000000-0000-00e9-ffff-ffff0000007e/click&amp#27;[39m
&amp#27;[38;5;0m[HTTP]&amp#27;[0m &amp#27;[90m{"id":"00000000-0000-00e9-ffff-ffff0000007e"}&amp#27;[39m
[debug] &amp#27;[38;5;32m[AndroidUiautomator2Driver@23e1 (086c6710)]&amp#27;[0m Calling AppiumDriver.click() with args: ["00000000-0000-00e9-ffff-ffff0000007e","086c6710-42f2-4bfe-b25e-72ace85f5aff"]
[debug] &amp#27;[38;5;32m[AndroidUiautomator2Driver@23e1 (086c6710)]&amp#27;[0m Matched '/element/00000000-0000-00e9-ffff-ffff0000007e/click' to command name 'click'
[debug] &amp#27;[38;5;32m[AndroidUiautomator2Driver@23e1 (086c6710)]&amp#27;[0m Proxying [POST /element/00000000-0000-00e9-ffff-ffff0000007e/click] to [POST http://127.0.0.1:8200/session/b4bdeba8-0662-434c-b8c5-9ecf4d35a4c7/element/00000000-0000-00e9-ffff-ffff0000007e/click] with body: {"element":"00000000-0000-00e9-ffff-ffff0000007e"}
[debug] &amp#27;[38;5;32m[AndroidUiautomator2Driver@23e1 (086c6710)]&amp#27;[0m Got response with status 200: {"sessionId":"b4bdeba8-0662-434c-b8c5-9ecf4d35a4c7","value":null}
[debug] &amp#27;[38;5;32m[AndroidUiautomator2Driver@23e1 (086c6710)]&amp#27;[0m Responding to client with driver.click() result: null
&amp#27;[38;5;0m[HTTP]&amp#27;[0m &amp#27;[37m<-- POST /session/086c6710-42f2-4bfe-b25e-72ace85f5aff/element/00000000-0000-00e9-ffff-ffff0000007e/click &amp#27;[39m&amp#27;[32m200&amp#27;[39m &amp#27;[90m60 ms - 14&amp#27;[39m
&amp#27;[38;5;0m[HTTP]&amp#27;[0m &amp#27;[90m&amp#27;[39m
&amp#27;[38;5;0m[HTTP]&amp#27;[0m &amp#27;[37m-->&amp#27;[39m &amp#27;[37mGET&amp#27;[39m &amp#27;[37m/session/086c6710-42f2-4bfe-b25e-72ace85f5aff/context&amp#27;[39m
&amp#27;[38;5;0m[HTTP]&amp#27;[0m &amp#27;[90m{}&amp#27;[39m
[debug] &amp#27;[38;5;32m[AndroidUiautomator2Driver@23e1 (086c6710)]&amp#27;[0m Calling AppiumDriver.getCurrentContext() with args: ["086c6710-42f2-4bfe-b25e-72ace85f5aff"]
[debug] &amp#27;[38;5;32m[AndroidUiautomator2Driver@23e1 (086c6710)]&amp#27;[0m Responding to client with driver.getCurrentContext() result: "NATIVE_APP"
&amp#27;[38;5;0m[HTTP]&amp#27;[0m &amp#27;[37m<-- GET /session/086c6710-42f2-4bfe-b25e-72ace85f5aff/context &amp#27;[39m&amp#27;[32m200&amp#27;[39m &amp#27;[90m1 ms - 22&amp#27;[39m
&amp#27;[38;5;0m[HTTP]&amp#27;[0m &amp#27;[90m&amp#27;[39m
&amp#27;[38;5;0m[HTTP]&amp#27;[0m &amp#27;[37m-->&amp#27;[39m &amp#27;[37mPOST&amp#27;[39m &amp#27;[37m/session/086c6710-42f2-4bfe-b25e-72ace85f5aff/element&amp#27;[39m
&amp#27;[38;5;0m[HTTP]&amp#27;[0m &amp#27;[90m{"value":"com.androidsample.generalstore:id/productName","using":"id"}&amp#27;[39m
[debug] &amp#27;[38;5;32m[AndroidUiautomator2Driver@23e1 (086c6710)]&amp#27;[0m Calling AppiumDriver.findElement() with args: ["id","com.androidsample.generalstore:id/productName","086c6710-42f2-4bfe-b25e-72ace85f5aff"]
[debug] &amp#27;[38;5;32m[AndroidUiautomator2Driver@23e1 (086c6710)]&amp#27;[0m Valid locator strategies for this request: xpath, id, class name, accessibility id, css selector, -android uiautomator
[debug] &amp#27;[38;5;32m[AndroidUiautomator2Driver@23e1 (086c6710)]&amp#27;[0m Waiting up to 10000 ms for condition
[debug] &amp#27;[38;5;32m[AndroidUiautomator2Driver@23e1 (086c6710)]&amp#27;[0m Matched '/element' to command name 'findElement'
[debug] &amp#27;[38;5;32m[AndroidUiautomator2Driver@23e1 (086c6710)]&amp#27;[0m Proxying [POST /element] to [POST http://127.0.0.1:8200/session/b4bdeba8-0662-434c-b8c5-9ecf4d35a4c7/element] with body: {"strategy":"id","selector":"com.androidsample.generalstore:id/productName","context":"","multiple":false}
[debug] &amp#27;[38;5;32m[AndroidUiautomator2Driver@23e1 (086c6710)]&amp#27;[0m Got response with status 200: {"sessionId":"b4bdeba8-0662-434c-b8c5-9ecf4d35a4c7","value":{"ELEMENT":"00000000-0000-00ea-ffff-ffff000000dd","element-6066-11e4-a52e-4f735466cecf":"00000000-0000-00ea-ffff-ffff000000dd"}}
[debug] &amp#27;[38;5;32m[AndroidUiautomator2Driver@23e1 (086c6710)]&amp#27;[0m Responding to client with driver.findElement() result: {"element-6066-11e4-a52e-4f735466cecf":"00000000-0000-00ea-ffff-ffff000000dd","ELEMENT":"00000000-0000-00ea-ffff-ffff000000dd"}
&amp#27;[38;5;0m[HTTP]&amp#27;[0m &amp#27;[37m<-- POST /session/086c6710-42f2-4bfe-b25e-72ace85f5aff/element &amp#27;[39m&amp#27;[32m200&amp#27;[39m &amp#27;[90m1272 ms - 137&amp#27;[39m
&amp#27;[38;5;0m[HTTP]&amp#27;[0m &amp#27;[90m&amp#27;[39m
&amp#27;[38;5;0m[HTTP]&amp#27;[0m &amp#27;[37m-->&amp#27;[39m &amp#27;[37mGET&amp#27;[39m &amp#27;[37m/session/086c6710-42f2-4bfe-b25e-72ace85f5aff/element/00000000-0000-00ea-ffff-ffff000000dd/text&amp#27;[39m
&amp#27;[38;5;0m[HTTP]&amp#27;[0m &amp#27;[90m{}&amp#27;[39m
&amp#27;[38;5;32m[AndroidUiautomator2Driver@23e1 (086c6710)]&amp#27;[0m Driver proxy active, passing request on via HTTP proxy
[debug] &amp#27;[38;5;32m[AndroidUiautomator2Driver@23e1 (086c6710)]&amp#27;[0m Matched '/session/086c6710-42f2-4bfe-b25e-72ace85f5aff/element/00000000-0000-00ea-ffff-ffff000000dd/text' to command name 'getText'
[debug] &amp#27;[38;5;32m[AndroidUiautomator2Driver@23e1 (086c6710)]&amp#27;[0m Proxying [GET /session/086c6710-42f2-4bfe-b25e-72ace85f5aff/element/00000000-0000-00ea-ffff-ffff000000dd/text] to [GET http://127.0.0.1:8200/session/b4bdeba8-0662-434c-b8c5-9ecf4d35a4c7/element/00000000-0000-00ea-ffff-ffff000000dd/text] with no body
[debug] &amp#27;[38;5;32m[AndroidUiautomator2Driver@23e1 (086c6710)]&amp#27;[0m Got response with status 200: {"sessionId":"b4bdeba8-0662-434c-b8c5-9ecf4d35a4c7","value":"Jordan Lift Off"}
&amp#27;[38;5;32m[AndroidUiautomator2Driver@23e1 (086c6710)]&amp#27;[0m Replacing sessionId b4bdeba8-0662-434c-b8c5-9ecf4d35a4c7 with 086c6710-42f2-4bfe-b25e-72ace85f5aff
&amp#27;[38;5;0m[HTTP]&amp#27;[0m &amp#27;[37m<-- GET /session/086c6710-42f2-4bfe-b25e-72ace85f5aff/element/00000000-0000-00ea-ffff-ffff000000dd/text &amp#27;[39m&amp#27;[32m200&amp#27;[39m &amp#27;[90m12 ms - 78&amp#27;[39m
&amp#27;[38;5;0m[HTTP]&amp#27;[0m &amp#27;[90m&amp#27;[39m
&amp#27;[38;5;0m[HTTP]&amp#27;[0m &amp#27;[37m-->&amp#27;[39m &amp#27;[37mGET&amp#27;[39m &amp#27;[37m/session/086c6710-42f2-4bfe-b25e-72ace85f5aff/context&amp#27;[39m
&amp#27;[38;5;0m[HTTP]&amp#27;[0m &amp#27;[90m{}&amp#27;[39m
[debug] &amp#27;[38;5;32m[AndroidUiautomator2Driver@23e1 (086c6710)]&amp#27;[0m Calling AppiumDriver.getCurrentContext() with args: ["086c6710-42f2-4bfe-b25e-72ace85f5aff"]
[debug] &amp#27;[38;5;32m[AndroidUiautomator2Driver@23e1 (086c6710)]&amp#27;[0m Responding to client with driver.getCurrentContext() result: "NATIVE_APP"
&amp#27;[38;5;0m[HTTP]&amp#27;[0m &amp#27;[37m<-- GET /session/086c6710-42f2-4bfe-b25e-72ace85f5aff/context &amp#27;[39m&amp#27;[32m200&amp#27;[39m &amp#27;[90m1 ms - 22&amp#27;[39m
&amp#27;[38;5;0m[HTTP]&amp#27;[0m &amp#27;[90m&amp#27;[39m
&amp#27;[38;5;0m[HTTP]&amp#27;[0m &amp#27;[37m-->&amp#27;[39m &amp#27;[37mPOST&amp#27;[39m &amp#27;[37m/session/086c6710-42f2-4bfe-b25e-72ace85f5aff/element&amp#27;[39m
&amp#27;[38;5;0m[HTTP]&amp#27;[0m &amp#27;[90m{"value":"android.widget.CheckBox","using":"class name"}&amp#27;[39m
[debug] &amp#27;[38;5;32m[AndroidUiautomator2Driver@23e1 (086c6710)]&amp#27;[0m Calling AppiumDriver.findElement() with args: ["class name","android.widget.CheckBox","086c6710-42f2-4bfe-b25e-72ace85f5aff"]
[debug] &amp#27;[38;5;32m[AndroidUiautomator2Driver@23e1 (086c6710)]&amp#27;[0m Valid locator strategies for this request: xpath, id, class name, accessibility id, css selector, -android uiautomator
[debug] &amp#27;[38;5;32m[AndroidUiautomator2Driver@23e1 (086c6710)]&amp#27;[0m Waiting up to 10000 ms for condition
[debug] &amp#27;[38;5;32m[AndroidUiautomator2Driver@23e1 (086c6710)]&amp#27;[0m Matched '/element' to command name 'findElement'
[debug] &amp#27;[38;5;32m[AndroidUiautomator2Driver@23e1 (086c6710)]&amp#27;[0m Proxying [POST /element] to [POST http://127.0.0.1:8200/session/b4bdeba8-0662-434c-b8c5-9ecf4d35a4c7/element] with body: {"strategy":"class name","selector":"android.widget.CheckBox","context":"","multiple":false}
[debug] &amp#27;[38;5;32m[AndroidUiautomator2Driver@23e1 (086c6710)]&amp#27;[0m Got response with status 200: {"sessionId":"b4bdeba8-0662-434c-b8c5-9ecf4d35a4c7","value":{"ELEMENT":"00000000-0000-00ea-ffff-ffff000000d5","element-6066-11e4-a52e-4f735466cecf":"00000000-0000-00ea-ffff-ffff000000d5"}}
[debug] &amp#27;[38;5;32m[AndroidUiautomator2Driver@23e1 (086c6710)]&amp#27;[0m Responding to client with driver.findElement() result: {"element-6066-11e4-a52e-4f735466cecf":"00000000-0000-00ea-ffff-ffff000000d5","ELEMENT":"00000000-0000-00ea-ffff-ffff000000d5"}
&amp#27;[38;5;0m[HTTP]&amp#27;[0m &amp#27;[37m<-- POST /session/086c6710-42f2-4bfe-b25e-72ace85f5aff/element &amp#27;[39m&amp#27;[32m200&amp#27;[39m &amp#27;[90m47 ms - 137&amp#27;[39m
&amp#27;[38;5;0m[HTTP]&amp#27;[0m &amp#27;[90m&amp#27;[39m
&amp#27;[38;5;0m[HTTP]&amp#27;[0m &amp#27;[37m-->&amp#27;[39m &amp#27;[37mPOST&amp#27;[39m &amp#27;[37m/session/086c6710-42f2-4bfe-b25e-72ace85f5aff/element/00000000-0000-00ea-ffff-ffff000000d5/click&amp#27;[39m
&amp#27;[38;5;0m[HTTP]&amp#27;[0m &amp#27;[90m{"id":"00000000-0000-00ea-ffff-ffff000000d5"}&amp#27;[39m
[debug] &amp#27;[38;5;32m[AndroidUiautomator2Driver@23e1 (086c6710)]&amp#27;[0m Calling AppiumDriver.click() with args: ["00000000-0000-00ea-ffff-ffff000000d5","086c6710-42f2-4bfe-b25e-72ace85f5aff"]
[debug] &amp#27;[38;5;32m[AndroidUiautomator2Driver@23e1 (086c6710)]&amp#27;[0m Matched '/element/00000000-0000-00ea-ffff-ffff000000d5/click' to command name 'click'
[debug] &amp#27;[38;5;32m[AndroidUiautomator2Driver@23e1 (086c6710)]&amp#27;[0m Proxying [POST /element/00000000-0000-00ea-ffff-ffff000000d5/click] to [POST http://127.0.0.1:8200/session/b4bdeba8-0662-434c-b8c5-9ecf4d35a4c7/element/00000000-0000-00ea-ffff-ffff000000d5/click] with body: {"element":"00000000-0000-00ea-ffff-ffff000000d5"}
[debug] &amp#27;[38;5;32m[AndroidUiautomator2Driver@23e1 (086c6710)]&amp#27;[0m Got response with status 200: {"sessionId":"b4bdeba8-0662-434c-b8c5-9ecf4d35a4c7","value":null}
[debug] &amp#27;[38;5;32m[AndroidUiautomator2Driver@23e1 (086c6710)]&amp#27;[0m Responding to client with driver.click() result: null
&amp#27;[38;5;0m[HTTP]&amp#27;[0m &amp#27;[37m<-- POST /session/086c6710-42f2-4bfe-b25e-72ace85f5aff/element/00000000-0000-00ea-ffff-ffff000000d5/click &amp#27;[39m&amp#27;[32m200&amp#27;[39m &amp#27;[90m67 ms - 14&amp#27;[39m
&amp#27;[38;5;0m[HTTP]&amp#27;[0m &amp#27;[90m&amp#27;[39m
&amp#27;[38;5;0m[HTTP]&amp#27;[0m &amp#27;[37m-->&amp#27;[39m &amp#27;[37mGET&amp#27;[39m &amp#27;[37m/session/086c6710-42f2-4bfe-b25e-72ace85f5aff/context&amp#27;[39m
&amp#27;[38;5;0m[HTTP]&amp#27;[0m &amp#27;[90m{}&amp#27;[39m
[debug] &amp#27;[38;5;32m[AndroidUiautomator2Driver@23e1 (086c6710)]&amp#27;[0m Calling AppiumDriver.getCurrentContext() with args: ["086c6710-42f2-4bfe-b25e-72ace85f5aff"]
[debug] &amp#27;[38;5;32m[AndroidUiautomator2Driver@23e1 (086c6710)]&amp#27;[0m Responding to client with driver.getCurrentContext() result: "NATIVE_APP"
&amp#27;[38;5;0m[HTTP]&amp#27;[0m &amp#27;[37m<-- GET /session/086c6710-42f2-4bfe-b25e-72ace85f5aff/context &amp#27;[39m&amp#27;[32m200&amp#27;[39m &amp#27;[90m1 ms - 22&amp#27;[39m
&amp#27;[38;5;0m[HTTP]&amp#27;[0m &amp#27;[90m&amp#27;[39m
&amp#27;[38;5;0m[HTTP]&amp#27;[0m &amp#27;[37m-->&amp#27;[39m &amp#27;[37mPOST&amp#27;[39m &amp#27;[37m/session/086c6710-42f2-4bfe-b25e-72ace85f5aff/element&amp#27;[39m
&amp#27;[38;5;0m[HTTP]&amp#27;[0m &amp#27;[90m{"value":"com.androidsample.generalstore:id/btnProceed","using":"id"}&amp#27;[39m
[debug] &amp#27;[38;5;32m[AndroidUiautomator2Driver@23e1 (086c6710)]&amp#27;[0m Calling AppiumDriver.findElement() with args: ["id","com.androidsample.generalstore:id/btnProceed","086c6710-42f2-4bfe-b25e-72ace85f5aff"]
[debug] &amp#27;[38;5;32m[AndroidUiautomator2Driver@23e1 (086c6710)]&amp#27;[0m Valid locator strategies for this request: xpath, id, class name, accessibility id, css selector, -android uiautomator
[debug] &amp#27;[38;5;32m[AndroidUiautomator2Driver@23e1 (086c6710)]&amp#27;[0m Waiting up to 10000 ms for condition
[debug] &amp#27;[38;5;32m[AndroidUiautomator2Driver@23e1 (086c6710)]&amp#27;[0m Matched '/element' to command name 'findElement'
[debug] &amp#27;[38;5;32m[AndroidUiautomator2Driver@23e1 (086c6710)]&amp#27;[0m Proxying [POST /element] to [POST http://127.0.0.1:8200/session/b4bdeba8-0662-434c-b8c5-9ecf4d35a4c7/element] with body: {"strategy":"id","selector":"com.androidsample.generalstore:id/btnProceed","context":"","multiple":false}
[debug] &amp#27;[38;5;32m[AndroidUiautomator2Driver@23e1 (086c6710)]&amp#27;[0m Got response with status 200: {"sessionId":"b4bdeba8-0662-434c-b8c5-9ecf4d35a4c7","value":{"ELEMENT":"00000000-0000-00ea-ffff-ffff000000d6","element-6066-11e4-a52e-4f735466cecf":"00000000-0000-00ea-ffff-ffff000000d6"}}
[debug] &amp#27;[38;5;32m[AndroidUiautomator2Driver@23e1 (086c6710)]&amp#27;[0m Responding to client with driver.findElement() result: {"element-6066-11e4-a52e-4f735466cecf":"00000000-0000-00ea-ffff-ffff000000d6","ELEMENT":"00000000-0000-00ea-ffff-ffff000000d6"}
&amp#27;[38;5;0m[HTTP]&amp#27;[0m &amp#27;[37m<-- POST /session/086c6710-42f2-4bfe-b25e-72ace85f5aff/element &amp#27;[39m&amp#27;[32m200&amp#27;[39m &amp#27;[90m627 ms - 137&amp#27;[39m
&amp#27;[38;5;0m[HTTP]&amp#27;[0m &amp#27;[90m&amp#27;[39m
&amp#27;[38;5;0m[HTTP]&amp#27;[0m &amp#27;[37m-->&amp#27;[39m &amp#27;[37mPOST&amp#27;[39m &amp#27;[37m/session/086c6710-42f2-4bfe-b25e-72ace85f5aff/element/00000000-0000-00ea-ffff-ffff000000d6/click&amp#27;[39m
&amp#27;[38;5;0m[HTTP]&amp#27;[0m &amp#27;[90m{"id":"00000000-0000-00ea-ffff-ffff000000d6"}&amp#27;[39m
[debug] &amp#27;[38;5;32m[AndroidUiautomator2Driver@23e1 (086c6710)]&amp#27;[0m Calling AppiumDriver.click() with args: ["00000000-0000-00ea-ffff-ffff000000d6","086c6710-42f2-4bfe-b25e-72ace85f5aff"]
[debug] &amp#27;[38;5;32m[AndroidUiautomator2Driver@23e1 (086c6710)]&amp#27;[0m Matched '/element/00000000-0000-00ea-ffff-ffff000000d6/click' to command name 'click'
[debug] &amp#27;[38;5;32m[AndroidUiautomator2Driver@23e1 (086c6710)]&amp#27;[0m Proxying [POST /element/00000000-0000-00ea-ffff-ffff000000d6/click] to [POST http://127.0.0.1:8200/session/b4bdeba8-0662-434c-b8c5-9ecf4d35a4c7/element/00000000-0000-00ea-ffff-ffff000000d6/click] with body: {"element":"00000000-0000-00ea-ffff-ffff000000d6"}
[debug] &amp#27;[38;5;32m[AndroidUiautomator2Driver@23e1 (086c6710)]&amp#27;[0m Got response with status 200: {"sessionId":"b4bdeba8-0662-434c-b8c5-9ecf4d35a4c7","value":null}
[debug] &amp#27;[38;5;32m[AndroidUiautomator2Driver@23e1 (086c6710)]&amp#27;[0m Responding to client with driver.click() result: null
&amp#27;[38;5;0m[HTTP]&amp#27;[0m &amp#27;[37m<-- POST /session/086c6710-42f2-4bfe-b25e-72ace85f5aff/element/00000000-0000-00ea-ffff-ffff000000d6/click &amp#27;[39m&amp#27;[32m200&amp#27;[39m &amp#27;[90m50 ms - 14&amp#27;[39m
&amp#27;[38;5;0m[HTTP]&amp#27;[0m &amp#27;[90m&amp#27;[39m
]]></system-out>
  </testcase>
</testsuite>