<?xml version="1.0" encoding="UTF-8"?>
<!-- Generated by org.testng.reporters.JUnitReportReporter -->
<testsuite hostname="vishal-gupta" failures="0" tests="2" name="Appium.practice.Endtoend" time="52.545" errors="0" timestamp="2024-06-08T15:31:28 IST" skipped="0">
  <testcase classname="Appium.practice.Endtoend" name="Test" time="26.131"/>
  <testcase classname="Appium.practice.Endtoend" name="Test" time="26.414"/>
</testsuite> <!-- Appium.practice.Endtoend -->
